Built target ament_cmake_python_copy_stretch_nav2
running egg_info
writing stretch_nav2.egg-info/PKG-INFO
writing dependency_links to stretch_nav2.egg-info/dependency_links.txt
writing top-level names to stretch_nav2.egg-info/top_level.txt
reading manifest file 'stretch_nav2.egg-info/SOURCES.txt'
writing manifest file 'stretch_nav2.egg-info/SOURCES.txt'
Built target ament_cmake_python_build_stretch_nav2_egg
-- Install configuration: ""
-- Up-to-date: /home/cs225a1/coffeebot/coffee_ws/install/stretch_nav2/share/stretch_nav2/launch
-- Up-to-date: /home/cs225a1/coffeebot/coffee_ws/install/stretch_nav2/share/stretch_nav2/launch/stretch_navigation.launch.py
-- Up-to-date: /home/cs225a1/coffeebot/coffee_ws/install/stretch_nav2/share/stretch_nav2/launch/offline_mapping.launch.py
-- Up-to-date: /home/cs225a1/coffeebot/coffee_ws/install/stretch_nav2/share/stretch_nav2/launch/navigation.launch.py
-- Up-to-date: /home/cs225a1/coffeebot/coffee_ws/install/stretch_nav2/share/stretch_nav2/launch/teleop_twist.launch.py
-- Up-to-date: /home/cs225a1/coffeebot/coffee_ws/install/stretch_nav2/share/stretch_nav2/launch/navigation_launch.py
-- Up-to-date: /home/cs225a1/coffeebot/coffee_ws/install/stretch_nav2/share/stretch_nav2/launch/online_async_launch.py
-- Up-to-date: /home/cs225a1/coffeebot/coffee_ws/install/stretch_nav2/share/stretch_nav2/launch/online_mapping.launch.py
-- Up-to-date: /home/cs225a1/coffeebot/coffee_ws/install/stretch_nav2/share/stretch_nav2/launch/bringup_launch.py
-- Up-to-date: /home/cs225a1/coffeebot/coffee_ws/install/stretch_nav2/share/stretch_nav2/launch/demo_security.launch.py
-- Up-to-date: /home/cs225a1/coffeebot/coffee_ws/install/stretch_nav2/share/stretch_nav2/config
-- Up-to-date: /home/cs225a1/coffeebot/coffee_ws/install/stretch_nav2/share/stretch_nav2/config/nav2_params.yaml
-- Up-to-date: /home/cs225a1/coffeebot/coffee_ws/install/stretch_nav2/share/stretch_nav2/config/nav2_voxel_params.yaml
-- Up-to-date: /home/cs225a1/coffeebot/coffee_ws/install/stretch_nav2/share/stretch_nav2/config/mapper_params_online_async.yaml
-- Up-to-date: /home/cs225a1/coffeebot/coffee_ws/install/stretch_nav2/share/stretch_nav2/stretch_nav2
-- Up-to-date: /home/cs225a1/coffeebot/coffee_ws/install/stretch_nav2/share/stretch_nav2/stretch_nav2/robot_navigator.py
-- Up-to-date: /home/cs225a1/coffeebot/coffee_ws/install/stretch_nav2/share/stretch_nav2/stretch_nav2/simple_commander_demo.py
-- Up-to-date: /home/cs225a1/coffeebot/coffee_ws/install/stretch_nav2/share/stretch_nav2/stretch_nav2/__init__.py
-- Up-to-date: /home/cs225a1/coffeebot/coffee_ws/install/stretch_nav2/share/stretch_nav2/environment/pythonpath.sh
-- Up-to-date: /home/cs225a1/coffeebot/coffee_ws/install/stretch_nav2/share/stretch_nav2/environment/pythonpath.dsv
-- Up-to-date: /home/cs225a1/coffeebot/coffee_ws/install/stretch_nav2/local/lib/python3.10/dist-packages/stretch_nav2-0.0.1-py3.10.egg-info
-- Installing: /home/cs225a1/coffeebot/coffee_ws/install/stretch_nav2/local/lib/python3.10/dist-packages/stretch_nav2-0.0.1-py3.10.egg-info/dependency_links.txt
-- Installing: /home/cs225a1/coffeebot/coffee_ws/install/stretch_nav2/local/lib/python3.10/dist-packages/stretch_nav2-0.0.1-py3.10.egg-info/top_level.txt
-- Installing: /home/cs225a1/coffeebot/coffee_ws/install/stretch_nav2/local/lib/python3.10/dist-packages/stretch_nav2-0.0.1-py3.10.egg-info/PKG-INFO
-- Installing: /home/cs225a1/coffeebot/coffee_ws/install/stretch_nav2/local/lib/python3.10/dist-packages/stretch_nav2-0.0.1-py3.10.egg-info/SOURCES.txt
-- Up-to-date: /home/cs225a1/coffeebot/coffee_ws/install/stretch_nav2/local/lib/python3.10/dist-packages/stretch_nav2
-- Up-to-date: /home/cs225a1/coffeebot/coffee_ws/install/stretch_nav2/local/lib/python3.10/dist-packages/stretch_nav2/robot_navigator.py
-- Up-to-date: /home/cs225a1/coffeebot/coffee_ws/install/stretch_nav2/local/lib/python3.10/dist-packages/stretch_nav2/simple_commander_demo.py
-- Up-to-date: /home/cs225a1/coffeebot/coffee_ws/install/stretch_nav2/local/lib/python3.10/dist-packages/stretch_nav2/__init__.py
Listing '/home/cs225a1/coffeebot/coffee_ws/install/stretch_nav2/local/lib/python3.10/dist-packages/stretch_nav2'...
-- Up-to-date: /home/cs225a1/coffeebot/coffee_ws/install/stretch_nav2/lib/stretch_nav2/simple_commander_demo.py
-- Up-to-date: /home/cs225a1/coffeebot/coffee_ws/install/stretch_nav2/share/ament_index/resource_index/package_run_dependencies/stretch_nav2
-- Up-to-date: /home/cs225a1/coffeebot/coffee_ws/install/stretch_nav2/share/ament_index/resource_index/parent_prefix_path/stretch_nav2
-- Up-to-date: /home/cs225a1/coffeebot/coffee_ws/install/stretch_nav2/share/stretch_nav2/environment/ament_prefix_path.sh
-- Up-to-date: /home/cs225a1/coffeebot/coffee_ws/install/stretch_nav2/share/stretch_nav2/environment/ament_prefix_path.dsv
-- Up-to-date: /home/cs225a1/coffeebot/coffee_ws/install/stretch_nav2/share/stretch_nav2/environment/path.sh
-- Up-to-date: /home/cs225a1/coffeebot/coffee_ws/install/stretch_nav2/share/stretch_nav2/environment/path.dsv
-- Up-to-date: /home/cs225a1/coffeebot/coffee_ws/install/stretch_nav2/share/stretch_nav2/local_setup.bash
-- Up-to-date: /home/cs225a1/coffeebot/coffee_ws/install/stretch_nav2/share/stretch_nav2/local_setup.sh
-- Up-to-date: /home/cs225a1/coffeebot/coffee_ws/install/stretch_nav2/share/stretch_nav2/local_setup.zsh
-- Up-to-date: /home/cs225a1/coffeebot/coffee_ws/install/stretch_nav2/share/stretch_nav2/local_setup.dsv
-- Up-to-date: /home/cs225a1/coffeebot/coffee_ws/install/stretch_nav2/share/stretch_nav2/package.dsv
-- Up-to-date: /home/cs225a1/coffeebot/coffee_ws/install/stretch_nav2/share/ament_index/resource_index/packages/stretch_nav2
-- Up-to-date: /home/cs225a1/coffeebot/coffee_ws/install/stretch_nav2/share/stretch_nav2/cmake/stretch_nav2Config.cmake
-- Up-to-date: /home/cs225a1/coffeebot/coffee_ws/install/stretch_nav2/share/stretch_nav2/cmake/stretch_nav2Config-version.cmake
-- Up-to-date: /home/cs225a1/coffeebot/coffee_ws/install/stretch_nav2/share/stretch_nav2/package.xml
