[1.067s] Invoking command in '/home/cs225a1/coffeebot/coffee_ws/build/stretch_nav2': CMAKE_PREFIX_PATH=${CMAKE_PREFIX_PATH}:/home/cs225a1/coffeebot/coffee_ws/install/stretch_funmap:/home/cs225a1/coffeebot/coffee_ws/install/stretch_calibration:/home/cs225a1/coffeebot/coffee_ws/install/stretch_demos:/home/cs225a1/coffeebot/coffee_ws/install/stretch_deep_perception:/home/cs225a1/coffeebot/coffee_ws/install/stretch_core:/home/cs225a1/coffeebot/coffee_ws/install/hello_helpers:/home/cs225a1/coffeebot/coffee_ws/install/stretch_launch:/home/cs225a1/ament_ws/install/tf2_web_republisher_py:/home/cs225a1/ament_ws/install/stretch_ros_tutorials:/home/cs225a1/ament_ws/install/stretch_funmap:/home/cs225a1/ament_ws/install/stretch_calibration:/home/cs225a1/ament_ws/install/stretch_demos:/home/cs225a1/ament_ws/install/stretch_deep_perception:/home/cs225a1/ament_ws/install/stretch_core:/home/cs225a1/ament_ws/install/respeaker_ros2:/home/cs225a1/ament_ws/install/hello_helpers:/opt/ros/humble /usr/bin/cmake --build /home/cs225a1/coffeebot/coffee_ws/build/stretch_nav2 -- -j16 -l16
[1.138s] Built target ament_cmake_python_copy_stretch_nav2
[1.556s] running egg_info
[1.557s] writing stretch_nav2.egg-info/PKG-INFO
[1.558s] writing dependency_links to stretch_nav2.egg-info/dependency_links.txt
[1.558s] writing top-level names to stretch_nav2.egg-info/top_level.txt
[1.562s] reading manifest file 'stretch_nav2.egg-info/SOURCES.txt'
[1.562s] writing manifest file 'stretch_nav2.egg-info/SOURCES.txt'
[1.595s] Built target ament_cmake_python_build_stretch_nav2_egg
[1.609s] Invoked command in '/home/cs225a1/coffeebot/coffee_ws/build/stretch_nav2' returned '0': CMAKE_PREFIX_PATH=${CMAKE_PREFIX_PATH}:/home/cs225a1/coffeebot/coffee_ws/install/stretch_funmap:/home/cs225a1/coffeebot/coffee_ws/install/stretch_calibration:/home/cs225a1/coffeebot/coffee_ws/install/stretch_demos:/home/cs225a1/coffeebot/coffee_ws/install/stretch_deep_perception:/home/cs225a1/coffeebot/coffee_ws/install/stretch_core:/home/cs225a1/coffeebot/coffee_ws/install/hello_helpers:/home/cs225a1/coffeebot/coffee_ws/install/stretch_launch:/home/cs225a1/ament_ws/install/tf2_web_republisher_py:/home/cs225a1/ament_ws/install/stretch_ros_tutorials:/home/cs225a1/ament_ws/install/stretch_funmap:/home/cs225a1/ament_ws/install/stretch_calibration:/home/cs225a1/ament_ws/install/stretch_demos:/home/cs225a1/ament_ws/install/stretch_deep_perception:/home/cs225a1/ament_ws/install/stretch_core:/home/cs225a1/ament_ws/install/respeaker_ros2:/home/cs225a1/ament_ws/install/hello_helpers:/opt/ros/humble /usr/bin/cmake --build /home/cs225a1/coffeebot/coffee_ws/build/stretch_nav2 -- -j16 -l16
[1.610s] Invoking command in '/home/cs225a1/coffeebot/coffee_ws/build/stretch_nav2': CMAKE_PREFIX_PATH=${CMAKE_PREFIX_PATH}:/home/cs225a1/coffeebot/coffee_ws/install/stretch_funmap:/home/cs225a1/coffeebot/coffee_ws/install/stretch_calibration:/home/cs225a1/coffeebot/coffee_ws/install/stretch_demos:/home/cs225a1/coffeebot/coffee_ws/install/stretch_deep_perception:/home/cs225a1/coffeebot/coffee_ws/install/stretch_core:/home/cs225a1/coffeebot/coffee_ws/install/hello_helpers:/home/cs225a1/coffeebot/coffee_ws/install/stretch_launch:/home/cs225a1/ament_ws/install/tf2_web_republisher_py:/home/cs225a1/ament_ws/install/stretch_ros_tutorials:/home/cs225a1/ament_ws/install/stretch_funmap:/home/cs225a1/ament_ws/install/stretch_calibration:/home/cs225a1/ament_ws/install/stretch_demos:/home/cs225a1/ament_ws/install/stretch_deep_perception:/home/cs225a1/ament_ws/install/stretch_core:/home/cs225a1/ament_ws/install/respeaker_ros2:/home/cs225a1/ament_ws/install/hello_helpers:/opt/ros/humble /usr/bin/cmake --install /home/cs225a1/coffeebot/coffee_ws/build/stretch_nav2
[1.620s] -- Install configuration: ""
[1.620s] -- Up-to-date: /home/cs225a1/coffeebot/coffee_ws/install/stretch_nav2/share/stretch_nav2/launch
[1.620s] -- Up-to-date: /home/cs225a1/coffeebot/coffee_ws/install/stretch_nav2/share/stretch_nav2/launch/stretch_navigation.launch.py
[1.620s] -- Up-to-date: /home/cs225a1/coffeebot/coffee_ws/install/stretch_nav2/share/stretch_nav2/launch/offline_mapping.launch.py
[1.620s] -- Up-to-date: /home/cs225a1/coffeebot/coffee_ws/install/stretch_nav2/share/stretch_nav2/launch/navigation.launch.py
[1.620s] -- Up-to-date: /home/cs225a1/coffeebot/coffee_ws/install/stretch_nav2/share/stretch_nav2/launch/teleop_twist.launch.py
[1.620s] -- Up-to-date: /home/cs225a1/coffeebot/coffee_ws/install/stretch_nav2/share/stretch_nav2/launch/navigation_launch.py
[1.620s] -- Up-to-date: /home/cs225a1/coffeebot/coffee_ws/install/stretch_nav2/share/stretch_nav2/launch/online_async_launch.py
[1.620s] -- Up-to-date: /home/cs225a1/coffeebot/coffee_ws/install/stretch_nav2/share/stretch_nav2/launch/online_mapping.launch.py
[1.621s] -- Up-to-date: /home/cs225a1/coffeebot/coffee_ws/install/stretch_nav2/share/stretch_nav2/launch/bringup_launch.py
[1.621s] -- Up-to-date: /home/cs225a1/coffeebot/coffee_ws/install/stretch_nav2/share/stretch_nav2/launch/demo_security.launch.py
[1.621s] -- Up-to-date: /home/cs225a1/coffeebot/coffee_ws/install/stretch_nav2/share/stretch_nav2/config
[1.621s] -- Up-to-date: /home/cs225a1/coffeebot/coffee_ws/install/stretch_nav2/share/stretch_nav2/config/nav2_params.yaml
[1.621s] -- Up-to-date: /home/cs225a1/coffeebot/coffee_ws/install/stretch_nav2/share/stretch_nav2/config/nav2_voxel_params.yaml
[1.621s] -- Up-to-date: /home/cs225a1/coffeebot/coffee_ws/install/stretch_nav2/share/stretch_nav2/config/mapper_params_online_async.yaml
[1.621s] -- Up-to-date: /home/cs225a1/coffeebot/coffee_ws/install/stretch_nav2/share/stretch_nav2/stretch_nav2
[1.621s] -- Up-to-date: /home/cs225a1/coffeebot/coffee_ws/install/stretch_nav2/share/stretch_nav2/stretch_nav2/robot_navigator.py
[1.621s] -- Up-to-date: /home/cs225a1/coffeebot/coffee_ws/install/stretch_nav2/share/stretch_nav2/stretch_nav2/simple_commander_demo.py
[1.621s] -- Up-to-date: /home/cs225a1/coffeebot/coffee_ws/install/stretch_nav2/share/stretch_nav2/stretch_nav2/__init__.py
[1.621s] -- Up-to-date: /home/cs225a1/coffeebot/coffee_ws/install/stretch_nav2/share/stretch_nav2/environment/pythonpath.sh
[1.621s] -- Up-to-date: /home/cs225a1/coffeebot/coffee_ws/install/stretch_nav2/share/stretch_nav2/environment/pythonpath.dsv
[1.622s] -- Up-to-date: /home/cs225a1/coffeebot/coffee_ws/install/stretch_nav2/local/lib/python3.10/dist-packages/stretch_nav2-0.0.1-py3.10.egg-info
[1.622s] -- Installing: /home/cs225a1/coffeebot/coffee_ws/install/stretch_nav2/local/lib/python3.10/dist-packages/stretch_nav2-0.0.1-py3.10.egg-info/dependency_links.txt
[1.622s] -- Installing: /home/cs225a1/coffeebot/coffee_ws/install/stretch_nav2/local/lib/python3.10/dist-packages/stretch_nav2-0.0.1-py3.10.egg-info/top_level.txt
[1.622s] -- Installing: /home/cs225a1/coffeebot/coffee_ws/install/stretch_nav2/local/lib/python3.10/dist-packages/stretch_nav2-0.0.1-py3.10.egg-info/PKG-INFO
[1.622s] -- Installing: /home/cs225a1/coffeebot/coffee_ws/install/stretch_nav2/local/lib/python3.10/dist-packages/stretch_nav2-0.0.1-py3.10.egg-info/SOURCES.txt
[1.622s] -- Up-to-date: /home/cs225a1/coffeebot/coffee_ws/install/stretch_nav2/local/lib/python3.10/dist-packages/stretch_nav2
[1.622s] -- Up-to-date: /home/cs225a1/coffeebot/coffee_ws/install/stretch_nav2/local/lib/python3.10/dist-packages/stretch_nav2/robot_navigator.py
[1.622s] -- Up-to-date: /home/cs225a1/coffeebot/coffee_ws/install/stretch_nav2/local/lib/python3.10/dist-packages/stretch_nav2/simple_commander_demo.py
[1.622s] -- Up-to-date: /home/cs225a1/coffeebot/coffee_ws/install/stretch_nav2/local/lib/python3.10/dist-packages/stretch_nav2/__init__.py
[1.681s] Listing '/home/cs225a1/coffeebot/coffee_ws/install/stretch_nav2/local/lib/python3.10/dist-packages/stretch_nav2'...
[1.686s] -- Up-to-date: /home/cs225a1/coffeebot/coffee_ws/install/stretch_nav2/lib/stretch_nav2/simple_commander_demo.py
[1.686s] -- Up-to-date: /home/cs225a1/coffeebot/coffee_ws/install/stretch_nav2/share/ament_index/resource_index/package_run_dependencies/stretch_nav2
[1.686s] -- Up-to-date: /home/cs225a1/coffeebot/coffee_ws/install/stretch_nav2/share/ament_index/resource_index/parent_prefix_path/stretch_nav2
[1.686s] -- Up-to-date: /home/cs225a1/coffeebot/coffee_ws/install/stretch_nav2/share/stretch_nav2/environment/ament_prefix_path.sh
[1.686s] -- Up-to-date: /home/cs225a1/coffeebot/coffee_ws/install/stretch_nav2/share/stretch_nav2/environment/ament_prefix_path.dsv
[1.686s] -- Up-to-date: /home/cs225a1/coffeebot/coffee_ws/install/stretch_nav2/share/stretch_nav2/environment/path.sh
[1.687s] -- Up-to-date: /home/cs225a1/coffeebot/coffee_ws/install/stretch_nav2/share/stretch_nav2/environment/path.dsv
[1.687s] -- Up-to-date: /home/cs225a1/coffeebot/coffee_ws/install/stretch_nav2/share/stretch_nav2/local_setup.bash
[1.687s] -- Up-to-date: /home/cs225a1/coffeebot/coffee_ws/install/stretch_nav2/share/stretch_nav2/local_setup.sh
[1.687s] -- Up-to-date: /home/cs225a1/coffeebot/coffee_ws/install/stretch_nav2/share/stretch_nav2/local_setup.zsh
[1.687s] -- Up-to-date: /home/cs225a1/coffeebot/coffee_ws/install/stretch_nav2/share/stretch_nav2/local_setup.dsv
[1.687s] -- Up-to-date: /home/cs225a1/coffeebot/coffee_ws/install/stretch_nav2/share/stretch_nav2/package.dsv
[1.687s] -- Up-to-date: /home/cs225a1/coffeebot/coffee_ws/install/stretch_nav2/share/ament_index/resource_index/packages/stretch_nav2
[1.687s] -- Up-to-date: /home/cs225a1/coffeebot/coffee_ws/install/stretch_nav2/share/stretch_nav2/cmake/stretch_nav2Config.cmake
[1.687s] -- Up-to-date: /home/cs225a1/coffeebot/coffee_ws/install/stretch_nav2/share/stretch_nav2/cmake/stretch_nav2Config-version.cmake
[1.687s] -- Up-to-date: /home/cs225a1/coffeebot/coffee_ws/install/stretch_nav2/share/stretch_nav2/package.xml
[1.689s] Invoked command in '/home/cs225a1/coffeebot/coffee_ws/build/stretch_nav2' returned '0': CMAKE_PREFIX_PATH=${CMAKE_PREFIX_PATH}:/home/cs225a1/coffeebot/coffee_ws/install/stretch_funmap:/home/cs225a1/coffeebot/coffee_ws/install/stretch_calibration:/home/cs225a1/coffeebot/coffee_ws/install/stretch_demos:/home/cs225a1/coffeebot/coffee_ws/install/stretch_deep_perception:/home/cs225a1/coffeebot/coffee_ws/install/stretch_core:/home/cs225a1/coffeebot/coffee_ws/install/hello_helpers:/home/cs225a1/coffeebot/coffee_ws/install/stretch_launch:/home/cs225a1/ament_ws/install/tf2_web_republisher_py:/home/cs225a1/ament_ws/install/stretch_ros_tutorials:/home/cs225a1/ament_ws/install/stretch_funmap:/home/cs225a1/ament_ws/install/stretch_calibration:/home/cs225a1/ament_ws/install/stretch_demos:/home/cs225a1/ament_ws/install/stretch_deep_perception:/home/cs225a1/ament_ws/install/stretch_core:/home/cs225a1/ament_ws/install/respeaker_ros2:/home/cs225a1/ament_ws/install/hello_helpers:/opt/ros/humble /usr/bin/cmake --install /home/cs225a1/coffeebot/coffee_ws/build/stretch_nav2
