-- Install configuration: ""
-- Up-to-date: /home/cs225a1/coffeebot/coffee_ws/install/stretch_rtabmap/share/stretch_rtabmap/launch
-- Up-to-date: /home/cs225a1/coffeebot/coffee_ws/install/stretch_rtabmap/share/stretch_rtabmap/launch/visual_navigation.launch.py
-- Up-to-date: /home/cs225a1/coffeebot/coffee_ws/install/stretch_rtabmap/share/stretch_rtabmap/launch/visual_mapping.launch.py
-- Up-to-date: /home/cs225a1/coffeebot/coffee_ws/install/stretch_rtabmap/share/stretch_rtabmap/launch/visual_odometry.launch.py
-- Up-to-date: /home/cs225a1/coffeebot/coffee_ws/install/stretch_rtabmap/share/stretch_rtabmap/rviz
-- Up-to-date: /home/cs225a1/coffeebot/coffee_ws/install/stretch_rtabmap/share/stretch_rtabmap/rviz/rtabmap_nav.rviz
-- Up-to-date: /home/cs225a1/coffeebot/coffee_ws/install/stretch_rtabmap/share/stretch_rtabmap/rviz/rtabmap.rviz
-- Up-to-date: /home/cs225a1/coffeebot/coffee_ws/install/stretch_rtabmap/share/ament_index/resource_index/package_run_dependencies/stretch_rtabmap
-- Up-to-date: /home/cs225a1/coffeebot/coffee_ws/install/stretch_rtabmap/share/ament_index/resource_index/parent_prefix_path/stretch_rtabmap
-- Up-to-date: /home/cs225a1/coffeebot/coffee_ws/install/stretch_rtabmap/share/stretch_rtabmap/environment/ament_prefix_path.sh
-- Up-to-date: /home/cs225a1/coffeebot/coffee_ws/install/stretch_rtabmap/share/stretch_rtabmap/environment/ament_prefix_path.dsv
-- Up-to-date: /home/cs225a1/coffeebot/coffee_ws/install/stretch_rtabmap/share/stretch_rtabmap/environment/path.sh
-- Up-to-date: /home/cs225a1/coffeebot/coffee_ws/install/stretch_rtabmap/share/stretch_rtabmap/environment/path.dsv
-- Up-to-date: /home/cs225a1/coffeebot/coffee_ws/install/stretch_rtabmap/share/stretch_rtabmap/local_setup.bash
-- Up-to-date: /home/cs225a1/coffeebot/coffee_ws/install/stretch_rtabmap/share/stretch_rtabmap/local_setup.sh
-- Up-to-date: /home/cs225a1/coffeebot/coffee_ws/install/stretch_rtabmap/share/stretch_rtabmap/local_setup.zsh
-- Up-to-date: /home/cs225a1/coffeebot/coffee_ws/install/stretch_rtabmap/share/stretch_rtabmap/local_setup.dsv
-- Up-to-date: /home/cs225a1/coffeebot/coffee_ws/install/stretch_rtabmap/share/stretch_rtabmap/package.dsv
-- Up-to-date: /home/cs225a1/coffeebot/coffee_ws/install/stretch_rtabmap/share/ament_index/resource_index/packages/stretch_rtabmap
-- Up-to-date: /home/cs225a1/coffeebot/coffee_ws/install/stretch_rtabmap/share/stretch_rtabmap/cmake/stretch_rtabmapConfig.cmake
-- Up-to-date: /home/cs225a1/coffeebot/coffee_ws/install/stretch_rtabmap/share/stretch_rtabmap/cmake/stretch_rtabmapConfig-version.cmake
-- Up-to-date: /home/cs225a1/coffeebot/coffee_ws/install/stretch_rtabmap/share/stretch_rtabmap/package.xml
