[1.068s] Invoking command in '/home/cs225a1/coffeebot/coffee_ws/build/stretch_rtabmap': CMAKE_PREFIX_PATH=${CMAKE_PREFIX_PATH}:/home/cs225a1/coffeebot/coffee_ws/install/stretch_funmap:/home/cs225a1/coffeebot/coffee_ws/install/stretch_calibration:/home/cs225a1/coffeebot/coffee_ws/install/stretch_demos:/home/cs225a1/coffeebot/coffee_ws/install/stretch_deep_perception:/home/cs225a1/coffeebot/coffee_ws/install/stretch_core:/home/cs225a1/coffeebot/coffee_ws/install/hello_helpers:/home/cs225a1/coffeebot/coffee_ws/install/stretch_launch:/home/cs225a1/ament_ws/install/tf2_web_republisher_py:/home/cs225a1/ament_ws/install/stretch_ros_tutorials:/home/cs225a1/ament_ws/install/stretch_funmap:/home/cs225a1/ament_ws/install/stretch_calibration:/home/cs225a1/ament_ws/install/stretch_demos:/home/cs225a1/ament_ws/install/stretch_deep_perception:/home/cs225a1/ament_ws/install/stretch_core:/home/cs225a1/ament_ws/install/respeaker_ros2:/home/cs225a1/ament_ws/install/hello_helpers:/opt/ros/humble /usr/bin/cmake --build /home/cs225a1/coffeebot/coffee_ws/build/stretch_rtabmap -- -j16 -l16
[1.126s] Invoked command in '/home/cs225a1/coffeebot/coffee_ws/build/stretch_rtabmap' returned '0': CMAKE_PREFIX_PATH=${CMAKE_PREFIX_PATH}:/home/cs225a1/coffeebot/coffee_ws/install/stretch_funmap:/home/cs225a1/coffeebot/coffee_ws/install/stretch_calibration:/home/cs225a1/coffeebot/coffee_ws/install/stretch_demos:/home/cs225a1/coffeebot/coffee_ws/install/stretch_deep_perception:/home/cs225a1/coffeebot/coffee_ws/install/stretch_core:/home/cs225a1/coffeebot/coffee_ws/install/hello_helpers:/home/cs225a1/coffeebot/coffee_ws/install/stretch_launch:/home/cs225a1/ament_ws/install/tf2_web_republisher_py:/home/cs225a1/ament_ws/install/stretch_ros_tutorials:/home/cs225a1/ament_ws/install/stretch_funmap:/home/cs225a1/ament_ws/install/stretch_calibration:/home/cs225a1/ament_ws/install/stretch_demos:/home/cs225a1/ament_ws/install/stretch_deep_perception:/home/cs225a1/ament_ws/install/stretch_core:/home/cs225a1/ament_ws/install/respeaker_ros2:/home/cs225a1/ament_ws/install/hello_helpers:/opt/ros/humble /usr/bin/cmake --build /home/cs225a1/coffeebot/coffee_ws/build/stretch_rtabmap -- -j16 -l16
[1.128s] Invoking command in '/home/cs225a1/coffeebot/coffee_ws/build/stretch_rtabmap': CMAKE_PREFIX_PATH=${CMAKE_PREFIX_PATH}:/home/cs225a1/coffeebot/coffee_ws/install/stretch_funmap:/home/cs225a1/coffeebot/coffee_ws/install/stretch_calibration:/home/cs225a1/coffeebot/coffee_ws/install/stretch_demos:/home/cs225a1/coffeebot/coffee_ws/install/stretch_deep_perception:/home/cs225a1/coffeebot/coffee_ws/install/stretch_core:/home/cs225a1/coffeebot/coffee_ws/install/hello_helpers:/home/cs225a1/coffeebot/coffee_ws/install/stretch_launch:/home/cs225a1/ament_ws/install/tf2_web_republisher_py:/home/cs225a1/ament_ws/install/stretch_ros_tutorials:/home/cs225a1/ament_ws/install/stretch_funmap:/home/cs225a1/ament_ws/install/stretch_calibration:/home/cs225a1/ament_ws/install/stretch_demos:/home/cs225a1/ament_ws/install/stretch_deep_perception:/home/cs225a1/ament_ws/install/stretch_core:/home/cs225a1/ament_ws/install/respeaker_ros2:/home/cs225a1/ament_ws/install/hello_helpers:/opt/ros/humble /usr/bin/cmake --install /home/cs225a1/coffeebot/coffee_ws/build/stretch_rtabmap
[1.136s] -- Install configuration: ""
[1.136s] -- Up-to-date: /home/cs225a1/coffeebot/coffee_ws/install/stretch_rtabmap/share/stretch_rtabmap/launch
[1.137s] -- Up-to-date: /home/cs225a1/coffeebot/coffee_ws/install/stretch_rtabmap/share/stretch_rtabmap/launch/visual_navigation.launch.py
[1.137s] -- Up-to-date: /home/cs225a1/coffeebot/coffee_ws/install/stretch_rtabmap/share/stretch_rtabmap/launch/visual_mapping.launch.py
[1.137s] -- Up-to-date: /home/cs225a1/coffeebot/coffee_ws/install/stretch_rtabmap/share/stretch_rtabmap/launch/visual_odometry.launch.py
[1.137s] -- Up-to-date: /home/cs225a1/coffeebot/coffee_ws/install/stretch_rtabmap/share/stretch_rtabmap/rviz
[1.137s] -- Up-to-date: /home/cs225a1/coffeebot/coffee_ws/install/stretch_rtabmap/share/stretch_rtabmap/rviz/rtabmap_nav.rviz
[1.137s] -- Up-to-date: /home/cs225a1/coffeebot/coffee_ws/install/stretch_rtabmap/share/stretch_rtabmap/rviz/rtabmap.rviz
[1.137s] -- Up-to-date: /home/cs225a1/coffeebot/coffee_ws/install/stretch_rtabmap/share/ament_index/resource_index/package_run_dependencies/stretch_rtabmap
[1.137s] -- Up-to-date: /home/cs225a1/coffeebot/coffee_ws/install/stretch_rtabmap/share/ament_index/resource_index/parent_prefix_path/stretch_rtabmap
[1.137s] -- Up-to-date: /home/cs225a1/coffeebot/coffee_ws/install/stretch_rtabmap/share/stretch_rtabmap/environment/ament_prefix_path.sh
[1.137s] -- Up-to-date: /home/cs225a1/coffeebot/coffee_ws/install/stretch_rtabmap/share/stretch_rtabmap/environment/ament_prefix_path.dsv
[1.137s] -- Up-to-date: /home/cs225a1/coffeebot/coffee_ws/install/stretch_rtabmap/share/stretch_rtabmap/environment/path.sh
[1.138s] -- Up-to-date: /home/cs225a1/coffeebot/coffee_ws/install/stretch_rtabmap/share/stretch_rtabmap/environment/path.dsv
[1.138s] -- Up-to-date: /home/cs225a1/coffeebot/coffee_ws/install/stretch_rtabmap/share/stretch_rtabmap/local_setup.bash
[1.138s] -- Up-to-date: /home/cs225a1/coffeebot/coffee_ws/install/stretch_rtabmap/share/stretch_rtabmap/local_setup.sh
[1.138s] -- Up-to-date: /home/cs225a1/coffeebot/coffee_ws/install/stretch_rtabmap/share/stretch_rtabmap/local_setup.zsh
[1.138s] -- Up-to-date: /home/cs225a1/coffeebot/coffee_ws/install/stretch_rtabmap/share/stretch_rtabmap/local_setup.dsv
[1.138s] -- Up-to-date: /home/cs225a1/coffeebot/coffee_ws/install/stretch_rtabmap/share/stretch_rtabmap/package.dsv
[1.138s] -- Up-to-date: /home/cs225a1/coffeebot/coffee_ws/install/stretch_rtabmap/share/ament_index/resource_index/packages/stretch_rtabmap
[1.138s] -- Up-to-date: /home/cs225a1/coffeebot/coffee_ws/install/stretch_rtabmap/share/stretch_rtabmap/cmake/stretch_rtabmapConfig.cmake
[1.138s] -- Up-to-date: /home/cs225a1/coffeebot/coffee_ws/install/stretch_rtabmap/share/stretch_rtabmap/cmake/stretch_rtabmapConfig-version.cmake
[1.138s] -- Up-to-date: /home/cs225a1/coffeebot/coffee_ws/install/stretch_rtabmap/share/stretch_rtabmap/package.xml
[1.140s] Invoked command in '/home/cs225a1/coffeebot/coffee_ws/build/stretch_rtabmap' returned '0': CMAKE_PREFIX_PATH=${CMAKE_PREFIX_PATH}:/home/cs225a1/coffeebot/coffee_ws/install/stretch_funmap:/home/cs225a1/coffeebot/coffee_ws/install/stretch_calibration:/home/cs225a1/coffeebot/coffee_ws/install/stretch_demos:/home/cs225a1/coffeebot/coffee_ws/install/stretch_deep_perception:/home/cs225a1/coffeebot/coffee_ws/install/stretch_core:/home/cs225a1/coffeebot/coffee_ws/install/hello_helpers:/home/cs225a1/coffeebot/coffee_ws/install/stretch_launch:/home/cs225a1/ament_ws/install/tf2_web_republisher_py:/home/cs225a1/ament_ws/install/stretch_ros_tutorials:/home/cs225a1/ament_ws/install/stretch_funmap:/home/cs225a1/ament_ws/install/stretch_calibration:/home/cs225a1/ament_ws/install/stretch_demos:/home/cs225a1/ament_ws/install/stretch_deep_perception:/home/cs225a1/ament_ws/install/stretch_core:/home/cs225a1/ament_ws/install/respeaker_ros2:/home/cs225a1/ament_ws/install/hello_helpers:/opt/ros/humble /usr/bin/cmake --install /home/cs225a1/coffeebot/coffee_ws/build/stretch_rtabmap
