running egg_info
creating ../../build/stretch_launch/stretch_launch.egg-info
writing ../../build/stretch_launch/stretch_launch.egg-info/PKG-INFO
writing dependency_links to ../../build/stretch_launch/stretch_launch.egg-info/dependency_links.txt
writing entry points to ../../build/stretch_launch/stretch_launch.egg-info/entry_points.txt
writing requirements to ../../build/stretch_launch/stretch_launch.egg-info/requires.txt
writing top-level names to ../../build/stretch_launch/stretch_launch.egg-info/top_level.txt
writing manifest file '../../build/stretch_launch/stretch_launch.egg-info/SOURCES.txt'
reading manifest file '../../build/stretch_launch/stretch_launch.egg-info/SOURCES.txt'
adding license file 'LICENSE'
writing manifest file '../../build/stretch_launch/stretch_launch.egg-info/SOURCES.txt'
running build
running build_py
creating /home/cs225a1/coffeebot/coffee_ws/build/stretch_launch/build
creating /home/cs225a1/coffeebot/coffee_ws/build/stretch_launch/build/lib
creating /home/cs225a1/coffeebot/coffee_ws/build/stretch_launch/build/lib/stretch_launch
copying stretch_launch/__init__.py -> /home/cs225a1/coffeebot/coffee_ws/build/stretch_launch/build/lib/stretch_launch
running install
running install_lib
creating /home/cs225a1/coffeebot/coffee_ws/install/stretch_launch/lib/python3.10/site-packages/stretch_launch
copying /home/cs225a1/coffeebot/coffee_ws/build/stretch_launch/build/lib/stretch_launch/__init__.py -> /home/cs225a1/coffeebot/coffee_ws/install/stretch_launch/lib/python3.10/site-packages/stretch_launch
byte-compiling /home/cs225a1/coffeebot/coffee_ws/install/stretch_launch/lib/python3.10/site-packages/stretch_launch/__init__.py to __init__.cpython-310.pyc
running install_data
copying package.xml -> /home/cs225a1/coffeebot/coffee_ws/install/stretch_launch/share/stretch_launch
creating /home/cs225a1/coffeebot/coffee_ws/install/stretch_launch/share/stretch_launch/launch
copying launch/dual_stretch.launch.py -> /home/cs225a1/coffeebot/coffee_ws/install/stretch_launch/share/stretch_launch/launch
creating /home/cs225a1/coffeebot/coffee_ws/install/stretch_launch/share/ament_index
creating /home/cs225a1/coffeebot/coffee_ws/install/stretch_launch/share/ament_index/resource_index
creating /home/cs225a1/coffeebot/coffee_ws/install/stretch_launch/share/ament_index/resource_index/packages
copying resource/stretch_launch -> /home/cs225a1/coffeebot/coffee_ws/install/stretch_launch/share/ament_index/resource_index/packages
running install_egg_info
Copying ../../build/stretch_launch/stretch_launch.egg-info to /home/cs225a1/coffeebot/coffee_ws/install/stretch_launch/lib/python3.10/site-packages/stretch_launch-0.0.0-py3.10.egg-info
running install_scripts
writing list of installed files to '/home/cs225a1/coffeebot/coffee_ws/build/stretch_launch/install.log'
