/home/cs225a1/coffeebot/coffee_ws/install/stretch_calibration/lib/python3.10/site-packages/stretch_calibration/visualize_most_recent_head_calibration.py
/home/cs225a1/coffeebot/coffee_ws/install/stretch_calibration/lib/python3.10/site-packages/stretch_calibration/process_head_calibration_data.py
/home/cs225a1/coffeebot/coffee_ws/install/stretch_calibration/lib/python3.10/site-packages/stretch_calibration/calibration.py
/home/cs225a1/coffeebot/coffee_ws/install/stretch_calibration/lib/python3.10/site-packages/stretch_calibration/check_head_calibration.py
/home/cs225a1/coffeebot/coffee_ws/install/stretch_calibration/lib/python3.10/site-packages/stretch_calibration/collect_head_calibration_data.py
/home/cs225a1/coffeebot/coffee_ws/install/stretch_calibration/lib/python3.10/site-packages/stretch_calibration/__init__.py
/home/cs225a1/coffeebot/coffee_ws/install/stretch_calibration/lib/python3.10/site-packages/stretch_calibration/update_urdf_after_xacro_change.py
/home/cs225a1/coffeebot/coffee_ws/install/stretch_calibration/lib/python3.10/site-packages/stretch_calibration/update_with_most_recent_calibration.py
/home/cs225a1/coffeebot/coffee_ws/install/stretch_calibration/lib/python3.10/site-packages/stretch_calibration/update_uncalibrated_urdf.py
/home/cs225a1/coffeebot/coffee_ws/install/stretch_calibration/lib/python3.10/site-packages/stretch_calibration/revert_to_previous_calibration.py
/home/cs225a1/coffeebot/coffee_ws/install/stretch_calibration/lib/python3.10/site-packages/stretch_calibration/__pycache__/visualize_most_recent_head_calibration.cpython-310.pyc
/home/cs225a1/coffeebot/coffee_ws/install/stretch_calibration/lib/python3.10/site-packages/stretch_calibration/__pycache__/process_head_calibration_data.cpython-310.pyc
/home/cs225a1/coffeebot/coffee_ws/install/stretch_calibration/lib/python3.10/site-packages/stretch_calibration/__pycache__/calibration.cpython-310.pyc
/home/cs225a1/coffeebot/coffee_ws/install/stretch_calibration/lib/python3.10/site-packages/stretch_calibration/__pycache__/check_head_calibration.cpython-310.pyc
/home/cs225a1/coffeebot/coffee_ws/install/stretch_calibration/lib/python3.10/site-packages/stretch_calibration/__pycache__/collect_head_calibration_data.cpython-310.pyc
/home/cs225a1/coffeebot/coffee_ws/install/stretch_calibration/lib/python3.10/site-packages/stretch_calibration/__pycache__/__init__.cpython-310.pyc
/home/cs225a1/coffeebot/coffee_ws/install/stretch_calibration/lib/python3.10/site-packages/stretch_calibration/__pycache__/update_urdf_after_xacro_change.cpython-310.pyc
/home/cs225a1/coffeebot/coffee_ws/install/stretch_calibration/lib/python3.10/site-packages/stretch_calibration/__pycache__/update_with_most_recent_calibration.cpython-310.pyc
/home/cs225a1/coffeebot/coffee_ws/install/stretch_calibration/lib/python3.10/site-packages/stretch_calibration/__pycache__/update_uncalibrated_urdf.cpython-310.pyc
/home/cs225a1/coffeebot/coffee_ws/install/stretch_calibration/lib/python3.10/site-packages/stretch_calibration/__pycache__/revert_to_previous_calibration.cpython-310.pyc
/home/cs225a1/coffeebot/coffee_ws/install/stretch_calibration/share/ament_index/resource_index/packages/stretch_calibration
/home/cs225a1/coffeebot/coffee_ws/install/stretch_calibration/share/stretch_calibration/package.xml
/home/cs225a1/coffeebot/coffee_ws/install/stretch_calibration/share/stretch_calibration/launch/process_head_calibration_data.launch.py
/home/cs225a1/coffeebot/coffee_ws/install/stretch_calibration/share/stretch_calibration/launch/simple_test_head_calibration_low_resolution.launch.py
/home/cs225a1/coffeebot/coffee_ws/install/stretch_calibration/share/stretch_calibration/launch/process_head_calibration_data_with_visualization.launch.py
/home/cs225a1/coffeebot/coffee_ws/install/stretch_calibration/share/stretch_calibration/launch/collect_head_calibration_data.launch.py
/home/cs225a1/coffeebot/coffee_ws/install/stretch_calibration/share/stretch_calibration/launch/collect_check_head_calibration_data.launch.py
/home/cs225a1/coffeebot/coffee_ws/install/stretch_calibration/share/stretch_calibration/launch/check_head_calibration.launch.py
/home/cs225a1/coffeebot/coffee_ws/install/stretch_calibration/share/stretch_calibration/launch/simple_test_head_calibration.launch.py
/home/cs225a1/coffeebot/coffee_ws/install/stretch_calibration/share/stretch_calibration/launch/visualize_head_calibration.launch.py
/home/cs225a1/coffeebot/coffee_ws/install/stretch_calibration/share/stretch_calibration/launch/use_prior_head_calibration_to_update_urdf.launch.py
/home/cs225a1/coffeebot/coffee_ws/install/stretch_calibration/share/stretch_calibration/config/head_calibration_options.yaml
/home/cs225a1/coffeebot/coffee_ws/install/stretch_calibration/share/stretch_calibration/rviz/head_calibration.rviz
/home/cs225a1/coffeebot/coffee_ws/install/stretch_calibration/share/stretch_calibration/rviz/stretch_simple_test.rviz
/home/cs225a1/coffeebot/coffee_ws/install/stretch_calibration/lib/python3.10/site-packages/stretch_calibration-0.2.0-py3.10.egg-info/requires.txt
/home/cs225a1/coffeebot/coffee_ws/install/stretch_calibration/lib/python3.10/site-packages/stretch_calibration-0.2.0-py3.10.egg-info/dependency_links.txt
/home/cs225a1/coffeebot/coffee_ws/install/stretch_calibration/lib/python3.10/site-packages/stretch_calibration-0.2.0-py3.10.egg-info/entry_points.txt
/home/cs225a1/coffeebot/coffee_ws/install/stretch_calibration/lib/python3.10/site-packages/stretch_calibration-0.2.0-py3.10.egg-info/top_level.txt
/home/cs225a1/coffeebot/coffee_ws/install/stretch_calibration/lib/python3.10/site-packages/stretch_calibration-0.2.0-py3.10.egg-info/PKG-INFO
/home/cs225a1/coffeebot/coffee_ws/install/stretch_calibration/lib/python3.10/site-packages/stretch_calibration-0.2.0-py3.10.egg-info/SOURCES.txt
/home/cs225a1/coffeebot/coffee_ws/install/stretch_calibration/lib/stretch_calibration/check_head_calibration
/home/cs225a1/coffeebot/coffee_ws/install/stretch_calibration/lib/stretch_calibration/collect_head_calibration_data
/home/cs225a1/coffeebot/coffee_ws/install/stretch_calibration/lib/stretch_calibration/process_head_calibration_data
/home/cs225a1/coffeebot/coffee_ws/install/stretch_calibration/lib/stretch_calibration/revert_to_previous_calibration
/home/cs225a1/coffeebot/coffee_ws/install/stretch_calibration/lib/stretch_calibration/update_uncalibrated_urdf
/home/cs225a1/coffeebot/coffee_ws/install/stretch_calibration/lib/stretch_calibration/update_urdf_after_xacro_change
/home/cs225a1/coffeebot/coffee_ws/install/stretch_calibration/lib/stretch_calibration/update_with_most_recent_calibration
/home/cs225a1/coffeebot/coffee_ws/install/stretch_calibration/lib/stretch_calibration/visualize_most_recent_head_calibration
