running egg_info
creating ../../../build/stretch_funmap/stretch_funmap.egg-info
writing ../../../build/stretch_funmap/stretch_funmap.egg-info/PKG-INFO
writing dependency_links to ../../../build/stretch_funmap/stretch_funmap.egg-info/dependency_links.txt
writing entry points to ../../../build/stretch_funmap/stretch_funmap.egg-info/entry_points.txt
writing requirements to ../../../build/stretch_funmap/stretch_funmap.egg-info/requires.txt
writing top-level names to ../../../build/stretch_funmap/stretch_funmap.egg-info/top_level.txt
writing manifest file '../../../build/stretch_funmap/stretch_funmap.egg-info/SOURCES.txt'
reading manifest file '../../../build/stretch_funmap/stretch_funmap.egg-info/SOURCES.txt'
adding license file 'LICENSE.md'
writing manifest file '../../../build/stretch_funmap/stretch_funmap.egg-info/SOURCES.txt'
running build
running build_py
creating /home/cs225a1/coffeebot/coffee_ws/build/stretch_funmap/build
creating /home/cs225a1/coffeebot/coffee_ws/build/stretch_funmap/build/lib
creating /home/cs225a1/coffeebot/coffee_ws/build/stretch_funmap/build/lib/stretch_funmap
copying stretch_funmap/numba_manipulation_planning.py -> /home/cs225a1/coffeebot/coffee_ws/build/stretch_funmap/build/lib/stretch_funmap
copying stretch_funmap/mapping.py -> /home/cs225a1/coffeebot/coffee_ws/build/stretch_funmap/build/lib/stretch_funmap
copying stretch_funmap/numba_check_line_path.py -> /home/cs225a1/coffeebot/coffee_ws/build/stretch_funmap/build/lib/stretch_funmap
copying stretch_funmap/merge_maps.py -> /home/cs225a1/coffeebot/coffee_ws/build/stretch_funmap/build/lib/stretch_funmap
copying stretch_funmap/numba_sample_ridge.py -> /home/cs225a1/coffeebot/coffee_ws/build/stretch_funmap/build/lib/stretch_funmap
copying stretch_funmap/__init__.py -> /home/cs225a1/coffeebot/coffee_ws/build/stretch_funmap/build/lib/stretch_funmap
copying stretch_funmap/segment_max_height_image.py -> /home/cs225a1/coffeebot/coffee_ws/build/stretch_funmap/build/lib/stretch_funmap
copying stretch_funmap/max_height_image.py -> /home/cs225a1/coffeebot/coffee_ws/build/stretch_funmap/build/lib/stretch_funmap
copying stretch_funmap/manipulation_planning.py -> /home/cs225a1/coffeebot/coffee_ws/build/stretch_funmap/build/lib/stretch_funmap
copying stretch_funmap/funmap.py -> /home/cs225a1/coffeebot/coffee_ws/build/stretch_funmap/build/lib/stretch_funmap
copying stretch_funmap/navigate.py -> /home/cs225a1/coffeebot/coffee_ws/build/stretch_funmap/build/lib/stretch_funmap
copying stretch_funmap/ros_max_height_image.py -> /home/cs225a1/coffeebot/coffee_ws/build/stretch_funmap/build/lib/stretch_funmap
copying stretch_funmap/navigation_planning.py -> /home/cs225a1/coffeebot/coffee_ws/build/stretch_funmap/build/lib/stretch_funmap
copying stretch_funmap/numba_create_plane_image.py -> /home/cs225a1/coffeebot/coffee_ws/build/stretch_funmap/build/lib/stretch_funmap
copying stretch_funmap/numba_compare_images.py -> /home/cs225a1/coffeebot/coffee_ws/build/stretch_funmap/build/lib/stretch_funmap
copying stretch_funmap/numba_height_image.py -> /home/cs225a1/coffeebot/coffee_ws/build/stretch_funmap/build/lib/stretch_funmap
running install
running install_lib
creating /home/cs225a1/coffeebot/coffee_ws/install/stretch_funmap/lib/python3.10/site-packages/stretch_funmap
copying /home/cs225a1/coffeebot/coffee_ws/build/stretch_funmap/build/lib/stretch_funmap/numba_manipulation_planning.py -> /home/cs225a1/coffeebot/coffee_ws/install/stretch_funmap/lib/python3.10/site-packages/stretch_funmap
copying /home/cs225a1/coffeebot/coffee_ws/build/stretch_funmap/build/lib/stretch_funmap/mapping.py -> /home/cs225a1/coffeebot/coffee_ws/install/stretch_funmap/lib/python3.10/site-packages/stretch_funmap
copying /home/cs225a1/coffeebot/coffee_ws/build/stretch_funmap/build/lib/stretch_funmap/numba_check_line_path.py -> /home/cs225a1/coffeebot/coffee_ws/install/stretch_funmap/lib/python3.10/site-packages/stretch_funmap
copying /home/cs225a1/coffeebot/coffee_ws/build/stretch_funmap/build/lib/stretch_funmap/merge_maps.py -> /home/cs225a1/coffeebot/coffee_ws/install/stretch_funmap/lib/python3.10/site-packages/stretch_funmap
copying /home/cs225a1/coffeebot/coffee_ws/build/stretch_funmap/build/lib/stretch_funmap/numba_sample_ridge.py -> /home/cs225a1/coffeebot/coffee_ws/install/stretch_funmap/lib/python3.10/site-packages/stretch_funmap
copying /home/cs225a1/coffeebot/coffee_ws/build/stretch_funmap/build/lib/stretch_funmap/__init__.py -> /home/cs225a1/coffeebot/coffee_ws/install/stretch_funmap/lib/python3.10/site-packages/stretch_funmap
copying /home/cs225a1/coffeebot/coffee_ws/build/stretch_funmap/build/lib/stretch_funmap/segment_max_height_image.py -> /home/cs225a1/coffeebot/coffee_ws/install/stretch_funmap/lib/python3.10/site-packages/stretch_funmap
copying /home/cs225a1/coffeebot/coffee_ws/build/stretch_funmap/build/lib/stretch_funmap/max_height_image.py -> /home/cs225a1/coffeebot/coffee_ws/install/stretch_funmap/lib/python3.10/site-packages/stretch_funmap
copying /home/cs225a1/coffeebot/coffee_ws/build/stretch_funmap/build/lib/stretch_funmap/manipulation_planning.py -> /home/cs225a1/coffeebot/coffee_ws/install/stretch_funmap/lib/python3.10/site-packages/stretch_funmap
copying /home/cs225a1/coffeebot/coffee_ws/build/stretch_funmap/build/lib/stretch_funmap/funmap.py -> /home/cs225a1/coffeebot/coffee_ws/install/stretch_funmap/lib/python3.10/site-packages/stretch_funmap
copying /home/cs225a1/coffeebot/coffee_ws/build/stretch_funmap/build/lib/stretch_funmap/navigate.py -> /home/cs225a1/coffeebot/coffee_ws/install/stretch_funmap/lib/python3.10/site-packages/stretch_funmap
copying /home/cs225a1/coffeebot/coffee_ws/build/stretch_funmap/build/lib/stretch_funmap/ros_max_height_image.py -> /home/cs225a1/coffeebot/coffee_ws/install/stretch_funmap/lib/python3.10/site-packages/stretch_funmap
copying /home/cs225a1/coffeebot/coffee_ws/build/stretch_funmap/build/lib/stretch_funmap/navigation_planning.py -> /home/cs225a1/coffeebot/coffee_ws/install/stretch_funmap/lib/python3.10/site-packages/stretch_funmap
copying /home/cs225a1/coffeebot/coffee_ws/build/stretch_funmap/build/lib/stretch_funmap/numba_create_plane_image.py -> /home/cs225a1/coffeebot/coffee_ws/install/stretch_funmap/lib/python3.10/site-packages/stretch_funmap
copying /home/cs225a1/coffeebot/coffee_ws/build/stretch_funmap/build/lib/stretch_funmap/numba_compare_images.py -> /home/cs225a1/coffeebot/coffee_ws/install/stretch_funmap/lib/python3.10/site-packages/stretch_funmap
copying /home/cs225a1/coffeebot/coffee_ws/build/stretch_funmap/build/lib/stretch_funmap/numba_height_image.py -> /home/cs225a1/coffeebot/coffee_ws/install/stretch_funmap/lib/python3.10/site-packages/stretch_funmap
byte-compiling /home/cs225a1/coffeebot/coffee_ws/install/stretch_funmap/lib/python3.10/site-packages/stretch_funmap/numba_manipulation_planning.py to numba_manipulation_planning.cpython-310.pyc
byte-compiling /home/cs225a1/coffeebot/coffee_ws/install/stretch_funmap/lib/python3.10/site-packages/stretch_funmap/mapping.py to mapping.cpython-310.pyc
byte-compiling /home/cs225a1/coffeebot/coffee_ws/install/stretch_funmap/lib/python3.10/site-packages/stretch_funmap/numba_check_line_path.py to numba_check_line_path.cpython-310.pyc
byte-compiling /home/cs225a1/coffeebot/coffee_ws/install/stretch_funmap/lib/python3.10/site-packages/stretch_funmap/merge_maps.py to merge_maps.cpython-310.pyc
byte-compiling /home/cs225a1/coffeebot/coffee_ws/install/stretch_funmap/lib/python3.10/site-packages/stretch_funmap/numba_sample_ridge.py to numba_sample_ridge.cpython-310.pyc
byte-compiling /home/cs225a1/coffeebot/coffee_ws/install/stretch_funmap/lib/python3.10/site-packages/stretch_funmap/__init__.py to __init__.cpython-310.pyc
byte-compiling /home/cs225a1/coffeebot/coffee_ws/install/stretch_funmap/lib/python3.10/site-packages/stretch_funmap/segment_max_height_image.py to segment_max_height_image.cpython-310.pyc
byte-compiling /home/cs225a1/coffeebot/coffee_ws/install/stretch_funmap/lib/python3.10/site-packages/stretch_funmap/max_height_image.py to max_height_image.cpython-310.pyc
byte-compiling /home/cs225a1/coffeebot/coffee_ws/install/stretch_funmap/lib/python3.10/site-packages/stretch_funmap/manipulation_planning.py to manipulation_planning.cpython-310.pyc
byte-compiling /home/cs225a1/coffeebot/coffee_ws/install/stretch_funmap/lib/python3.10/site-packages/stretch_funmap/funmap.py to funmap.cpython-310.pyc
byte-compiling /home/cs225a1/coffeebot/coffee_ws/install/stretch_funmap/lib/python3.10/site-packages/stretch_funmap/navigate.py to navigate.cpython-310.pyc
byte-compiling /home/cs225a1/coffeebot/coffee_ws/install/stretch_funmap/lib/python3.10/site-packages/stretch_funmap/ros_max_height_image.py to ros_max_height_image.cpython-310.pyc
byte-compiling /home/cs225a1/coffeebot/coffee_ws/install/stretch_funmap/lib/python3.10/site-packages/stretch_funmap/navigation_planning.py to navigation_planning.cpython-310.pyc
byte-compiling /home/cs225a1/coffeebot/coffee_ws/install/stretch_funmap/lib/python3.10/site-packages/stretch_funmap/numba_create_plane_image.py to numba_create_plane_image.cpython-310.pyc
byte-compiling /home/cs225a1/coffeebot/coffee_ws/install/stretch_funmap/lib/python3.10/site-packages/stretch_funmap/numba_compare_images.py to numba_compare_images.cpython-310.pyc
byte-compiling /home/cs225a1/coffeebot/coffee_ws/install/stretch_funmap/lib/python3.10/site-packages/stretch_funmap/numba_height_image.py to numba_height_image.cpython-310.pyc
running install_data
creating /home/cs225a1/coffeebot/coffee_ws/install/stretch_funmap/share/ament_index
creating /home/cs225a1/coffeebot/coffee_ws/install/stretch_funmap/share/ament_index/resource_index
creating /home/cs225a1/coffeebot/coffee_ws/install/stretch_funmap/share/ament_index/resource_index/packages
copying resource/stretch_funmap -> /home/cs225a1/coffeebot/coffee_ws/install/stretch_funmap/share/ament_index/resource_index/packages
copying package.xml -> /home/cs225a1/coffeebot/coffee_ws/install/stretch_funmap/share/stretch_funmap
creating /home/cs225a1/coffeebot/coffee_ws/install/stretch_funmap/share/stretch_funmap/launch
copying launch/mapping.launch.py -> /home/cs225a1/coffeebot/coffee_ws/install/stretch_funmap/share/stretch_funmap/launch
copying launch/funmap.launch.py -> /home/cs225a1/coffeebot/coffee_ws/install/stretch_funmap/share/stretch_funmap/launch
creating /home/cs225a1/coffeebot/coffee_ws/install/stretch_funmap/share/stretch_funmap/rviz
copying rviz/stretch_mapping.rviz -> /home/cs225a1/coffeebot/coffee_ws/install/stretch_funmap/share/stretch_funmap/rviz
running install_egg_info
Copying ../../../build/stretch_funmap/stretch_funmap.egg-info to /home/cs225a1/coffeebot/coffee_ws/install/stretch_funmap/lib/python3.10/site-packages/stretch_funmap-0.0.0-py3.10.egg-info
running install_scripts
Installing funmap script to /home/cs225a1/coffeebot/coffee_ws/install/stretch_funmap/lib/stretch_funmap
writing list of installed files to '/home/cs225a1/coffeebot/coffee_ws/build/stretch_funmap/install.log'
