running egg_info
creating ../../../build/hello_helpers/hello_helpers.egg-info
writing ../../../build/hello_helpers/hello_helpers.egg-info/PKG-INFO
writing dependency_links to ../../../build/hello_helpers/hello_helpers.egg-info/dependency_links.txt
writing entry points to ../../../build/hello_helpers/hello_helpers.egg-info/entry_points.txt
writing requirements to ../../../build/hello_helpers/hello_helpers.egg-info/requires.txt
writing top-level names to ../../../build/hello_helpers/hello_helpers.egg-info/top_level.txt
writing manifest file '../../../build/hello_helpers/hello_helpers.egg-info/SOURCES.txt'
reading manifest file '../../../build/hello_helpers/hello_helpers.egg-info/SOURCES.txt'
adding license file 'LICENSE.md'
writing manifest file '../../../build/hello_helpers/hello_helpers.egg-info/SOURCES.txt'
running build
running build_py
creating /home/cs225a1/coffeebot/coffee_ws/build/hello_helpers/build
creating /home/cs225a1/coffeebot/coffee_ws/build/hello_helpers/build/lib
creating /home/cs225a1/coffeebot/coffee_ws/build/hello_helpers/build/lib/hello_helpers
copying src/hello_helpers/hello_misc.py -> /home/cs225a1/coffeebot/coffee_ws/build/hello_helpers/build/lib/hello_helpers
copying src/hello_helpers/joint_qpos_conversion.py -> /home/cs225a1/coffeebot/coffee_ws/build/hello_helpers/build/lib/hello_helpers
copying src/hello_helpers/simple_command_group.py -> /home/cs225a1/coffeebot/coffee_ws/build/hello_helpers/build/lib/hello_helpers
copying src/hello_helpers/__init__.py -> /home/cs225a1/coffeebot/coffee_ws/build/hello_helpers/build/lib/hello_helpers
copying src/hello_helpers/gripper_conversion.py -> /home/cs225a1/coffeebot/coffee_ws/build/hello_helpers/build/lib/hello_helpers
copying src/hello_helpers/gamepad_conversion.py -> /home/cs225a1/coffeebot/coffee_ws/build/hello_helpers/build/lib/hello_helpers
copying src/hello_helpers/fit_plane.py -> /home/cs225a1/coffeebot/coffee_ws/build/hello_helpers/build/lib/hello_helpers
copying src/hello_helpers/hello_ros_viz.py -> /home/cs225a1/coffeebot/coffee_ws/build/hello_helpers/build/lib/hello_helpers
running install
running install_lib
creating /home/cs225a1/coffeebot/coffee_ws/install/hello_helpers/lib/python3.10/site-packages/hello_helpers
copying /home/cs225a1/coffeebot/coffee_ws/build/hello_helpers/build/lib/hello_helpers/hello_misc.py -> /home/cs225a1/coffeebot/coffee_ws/install/hello_helpers/lib/python3.10/site-packages/hello_helpers
copying /home/cs225a1/coffeebot/coffee_ws/build/hello_helpers/build/lib/hello_helpers/joint_qpos_conversion.py -> /home/cs225a1/coffeebot/coffee_ws/install/hello_helpers/lib/python3.10/site-packages/hello_helpers
copying /home/cs225a1/coffeebot/coffee_ws/build/hello_helpers/build/lib/hello_helpers/simple_command_group.py -> /home/cs225a1/coffeebot/coffee_ws/install/hello_helpers/lib/python3.10/site-packages/hello_helpers
copying /home/cs225a1/coffeebot/coffee_ws/build/hello_helpers/build/lib/hello_helpers/__init__.py -> /home/cs225a1/coffeebot/coffee_ws/install/hello_helpers/lib/python3.10/site-packages/hello_helpers
copying /home/cs225a1/coffeebot/coffee_ws/build/hello_helpers/build/lib/hello_helpers/gripper_conversion.py -> /home/cs225a1/coffeebot/coffee_ws/install/hello_helpers/lib/python3.10/site-packages/hello_helpers
copying /home/cs225a1/coffeebot/coffee_ws/build/hello_helpers/build/lib/hello_helpers/gamepad_conversion.py -> /home/cs225a1/coffeebot/coffee_ws/install/hello_helpers/lib/python3.10/site-packages/hello_helpers
copying /home/cs225a1/coffeebot/coffee_ws/build/hello_helpers/build/lib/hello_helpers/fit_plane.py -> /home/cs225a1/coffeebot/coffee_ws/install/hello_helpers/lib/python3.10/site-packages/hello_helpers
copying /home/cs225a1/coffeebot/coffee_ws/build/hello_helpers/build/lib/hello_helpers/hello_ros_viz.py -> /home/cs225a1/coffeebot/coffee_ws/install/hello_helpers/lib/python3.10/site-packages/hello_helpers
byte-compiling /home/cs225a1/coffeebot/coffee_ws/install/hello_helpers/lib/python3.10/site-packages/hello_helpers/hello_misc.py to hello_misc.cpython-310.pyc
byte-compiling /home/cs225a1/coffeebot/coffee_ws/install/hello_helpers/lib/python3.10/site-packages/hello_helpers/joint_qpos_conversion.py to joint_qpos_conversion.cpython-310.pyc
byte-compiling /home/cs225a1/coffeebot/coffee_ws/install/hello_helpers/lib/python3.10/site-packages/hello_helpers/simple_command_group.py to simple_command_group.cpython-310.pyc
byte-compiling /home/cs225a1/coffeebot/coffee_ws/install/hello_helpers/lib/python3.10/site-packages/hello_helpers/__init__.py to __init__.cpython-310.pyc
byte-compiling /home/cs225a1/coffeebot/coffee_ws/install/hello_helpers/lib/python3.10/site-packages/hello_helpers/gripper_conversion.py to gripper_conversion.cpython-310.pyc
byte-compiling /home/cs225a1/coffeebot/coffee_ws/install/hello_helpers/lib/python3.10/site-packages/hello_helpers/gamepad_conversion.py to gamepad_conversion.cpython-310.pyc
byte-compiling /home/cs225a1/coffeebot/coffee_ws/install/hello_helpers/lib/python3.10/site-packages/hello_helpers/fit_plane.py to fit_plane.cpython-310.pyc
byte-compiling /home/cs225a1/coffeebot/coffee_ws/install/hello_helpers/lib/python3.10/site-packages/hello_helpers/hello_ros_viz.py to hello_ros_viz.cpython-310.pyc
running install_data
creating /home/cs225a1/coffeebot/coffee_ws/install/hello_helpers/share/ament_index
creating /home/cs225a1/coffeebot/coffee_ws/install/hello_helpers/share/ament_index/resource_index
creating /home/cs225a1/coffeebot/coffee_ws/install/hello_helpers/share/ament_index/resource_index/packages
copying resource/hello_helpers -> /home/cs225a1/coffeebot/coffee_ws/install/hello_helpers/share/ament_index/resource_index/packages
copying package.xml -> /home/cs225a1/coffeebot/coffee_ws/install/hello_helpers/share/hello_helpers
running install_egg_info
Copying ../../../build/hello_helpers/hello_helpers.egg-info to /home/cs225a1/coffeebot/coffee_ws/install/hello_helpers/lib/python3.10/site-packages/hello_helpers-0.2.0-py3.10.egg-info
running install_scripts
Installing configure_wrist script to /home/cs225a1/coffeebot/coffee_ws/install/hello_helpers/lib/hello_helpers
writing list of installed files to '/home/cs225a1/coffeebot/coffee_ws/build/hello_helpers/install.log'
