/home/cs225a1/coffeebot/coffee_ws/install/stretch_demos/lib/python3.10/site-packages/stretch_demos/handover_object.py
/home/cs225a1/coffeebot/coffee_ws/install/stretch_demos/lib/python3.10/site-packages/stretch_demos/__init__.py
/home/cs225a1/coffeebot/coffee_ws/install/stretch_demos/lib/python3.10/site-packages/stretch_demos/grasp_object.py
/home/cs225a1/coffeebot/coffee_ws/install/stretch_demos/lib/python3.10/site-packages/stretch_demos/clean_surface.py
/home/cs225a1/coffeebot/coffee_ws/install/stretch_demos/lib/python3.10/site-packages/stretch_demos/hello_world.py
/home/cs225a1/coffeebot/coffee_ws/install/stretch_demos/lib/python3.10/site-packages/stretch_demos/open_drawer.py
/home/cs225a1/coffeebot/coffee_ws/install/stretch_demos/lib/python3.10/site-packages/stretch_demos/__pycache__/handover_object.cpython-310.pyc
/home/cs225a1/coffeebot/coffee_ws/install/stretch_demos/lib/python3.10/site-packages/stretch_demos/__pycache__/__init__.cpython-310.pyc
/home/cs225a1/coffeebot/coffee_ws/install/stretch_demos/lib/python3.10/site-packages/stretch_demos/__pycache__/grasp_object.cpython-310.pyc
/home/cs225a1/coffeebot/coffee_ws/install/stretch_demos/lib/python3.10/site-packages/stretch_demos/__pycache__/clean_surface.cpython-310.pyc
/home/cs225a1/coffeebot/coffee_ws/install/stretch_demos/lib/python3.10/site-packages/stretch_demos/__pycache__/hello_world.cpython-310.pyc
/home/cs225a1/coffeebot/coffee_ws/install/stretch_demos/lib/python3.10/site-packages/stretch_demos/__pycache__/open_drawer.cpython-310.pyc
/home/cs225a1/coffeebot/coffee_ws/install/stretch_demos/share/ament_index/resource_index/packages/stretch_demos
/home/cs225a1/coffeebot/coffee_ws/install/stretch_demos/share/stretch_demos/package.xml
/home/cs225a1/coffeebot/coffee_ws/install/stretch_demos/share/stretch_demos/launch/hello_world.launch.py
/home/cs225a1/coffeebot/coffee_ws/install/stretch_demos/share/stretch_demos/launch/clean_surface.launch.py
/home/cs225a1/coffeebot/coffee_ws/install/stretch_demos/share/stretch_demos/launch/handover_object.launch.py
/home/cs225a1/coffeebot/coffee_ws/install/stretch_demos/share/stretch_demos/launch/open_drawer.launch.py
/home/cs225a1/coffeebot/coffee_ws/install/stretch_demos/share/stretch_demos/launch/grasp_object.launch.py
/home/cs225a1/coffeebot/coffee_ws/install/stretch_demos/share/stretch_demos/rviz
/home/cs225a1/coffeebot/coffee_ws/install/stretch_demos/lib/python3.10/site-packages/stretch_demos-0.0.0-py3.10.egg-info/requires.txt
/home/cs225a1/coffeebot/coffee_ws/install/stretch_demos/lib/python3.10/site-packages/stretch_demos-0.0.0-py3.10.egg-info/dependency_links.txt
/home/cs225a1/coffeebot/coffee_ws/install/stretch_demos/lib/python3.10/site-packages/stretch_demos-0.0.0-py3.10.egg-info/entry_points.txt
/home/cs225a1/coffeebot/coffee_ws/install/stretch_demos/lib/python3.10/site-packages/stretch_demos-0.0.0-py3.10.egg-info/top_level.txt
/home/cs225a1/coffeebot/coffee_ws/install/stretch_demos/lib/python3.10/site-packages/stretch_demos-0.0.0-py3.10.egg-info/PKG-INFO
/home/cs225a1/coffeebot/coffee_ws/install/stretch_demos/lib/python3.10/site-packages/stretch_demos-0.0.0-py3.10.egg-info/SOURCES.txt
/home/cs225a1/coffeebot/coffee_ws/install/stretch_demos/lib/stretch_demos/clean_surface
/home/cs225a1/coffeebot/coffee_ws/install/stretch_demos/lib/stretch_demos/grasp_object
/home/cs225a1/coffeebot/coffee_ws/install/stretch_demos/lib/stretch_demos/handover_object
/home/cs225a1/coffeebot/coffee_ws/install/stretch_demos/lib/stretch_demos/hello_world
/home/cs225a1/coffeebot/coffee_ws/install/stretch_demos/lib/stretch_demos/open_drawer
