[1.000s] Invoking command in '/home/cs225a1/coffeebot/coffee_ws/build/stretch_rtabmap': CMAKE_PREFIX_PATH=${CMAKE_PREFIX_PATH}:/home/cs225a1/coffeebot/coffee_ws/install/stretch_launch:/home/cs225a1/ament_ws/install/tf2_web_republisher_py:/home/cs225a1/ament_ws/install/stretch_ros_tutorials:/home/cs225a1/ament_ws/install/stretch_funmap:/home/cs225a1/ament_ws/install/stretch_calibration:/home/cs225a1/ament_ws/install/stretch_demos:/home/cs225a1/ament_ws/install/stretch_deep_perception:/home/cs225a1/ament_ws/install/stretch_core:/home/cs225a1/ament_ws/install/respeaker_ros2:/home/cs225a1/ament_ws/install/hello_helpers:/opt/ros/humble /usr/bin/cmake --build /home/cs225a1/coffeebot/coffee_ws/build/stretch_rtabmap -- -j16 -l16
[1.024s] -- Found ament_cmake: 1.3.11 (/opt/ros/humble/share/ament_cmake/cmake)
[1.175s] -- Found rclcpp: 16.0.11 (/opt/ros/humble/share/rclcpp/cmake)
[1.201s] -- Found rosidl_generator_c: 3.1.6 (/opt/ros/humble/share/rosidl_generator_c/cmake)
[1.203s] -- Found rosidl_adapter: 3.1.6 (/opt/ros/humble/share/rosidl_adapter/cmake)
[1.207s] -- Found rosidl_generator_cpp: 3.1.6 (/opt/ros/humble/share/rosidl_generator_cpp/cmake)
[1.215s] -- Using all available rosidl_typesupport_c: rosidl_typesupport_fastrtps_c;rosidl_typesupport_introspection_c
[1.224s] -- Using all available rosidl_typesupport_cpp: rosidl_typesupport_fastrtps_cpp;rosidl_typesupport_introspection_cpp
[1.248s] -- Found rmw_implementation_cmake: 6.1.2 (/opt/ros/humble/share/rmw_implementation_cmake/cmake)
[1.250s] -- Found rmw_fastrtps_cpp: 6.2.7 (/opt/ros/humble/share/rmw_fastrtps_cpp/cmake)
[1.364s] -- Using RMW implementation 'rmw_fastrtps_cpp' as default
[1.422s] -- Found ament_lint_auto: 0.12.11 (/opt/ros/humble/share/ament_lint_auto/cmake)
[1.513s] -- Added test 'copyright' to check source files copyright and LICENSE
[1.515s] -- Added test 'flake8' to check Python code syntax and style conventions
[1.515s] -- Added test 'lint_cmake' to check CMake code style
[1.515s] -- Added test 'pep257' to check Python code against some of the docstring style conventions in PEP 257
[1.517s] -- Added test 'xmllint' to check XML markup files
[1.517s] -- Configuring done
[1.522s] -- Generating done
[1.525s] -- Build files have been written to: /home/cs225a1/coffeebot/coffee_ws/build/stretch_rtabmap
[1.553s] Invoked command in '/home/cs225a1/coffeebot/coffee_ws/build/stretch_rtabmap' returned '0': CMAKE_PREFIX_PATH=${CMAKE_PREFIX_PATH}:/home/cs225a1/coffeebot/coffee_ws/install/stretch_launch:/home/cs225a1/ament_ws/install/tf2_web_republisher_py:/home/cs225a1/ament_ws/install/stretch_ros_tutorials:/home/cs225a1/ament_ws/install/stretch_funmap:/home/cs225a1/ament_ws/install/stretch_calibration:/home/cs225a1/ament_ws/install/stretch_demos:/home/cs225a1/ament_ws/install/stretch_deep_perception:/home/cs225a1/ament_ws/install/stretch_core:/home/cs225a1/ament_ws/install/respeaker_ros2:/home/cs225a1/ament_ws/install/hello_helpers:/opt/ros/humble /usr/bin/cmake --build /home/cs225a1/coffeebot/coffee_ws/build/stretch_rtabmap -- -j16 -l16
[1.554s] Invoking command in '/home/cs225a1/coffeebot/coffee_ws/build/stretch_rtabmap': CMAKE_PREFIX_PATH=${CMAKE_PREFIX_PATH}:/home/cs225a1/coffeebot/coffee_ws/install/stretch_launch:/home/cs225a1/ament_ws/install/tf2_web_republisher_py:/home/cs225a1/ament_ws/install/stretch_ros_tutorials:/home/cs225a1/ament_ws/install/stretch_funmap:/home/cs225a1/ament_ws/install/stretch_calibration:/home/cs225a1/ament_ws/install/stretch_demos:/home/cs225a1/ament_ws/install/stretch_deep_perception:/home/cs225a1/ament_ws/install/stretch_core:/home/cs225a1/ament_ws/install/respeaker_ros2:/home/cs225a1/ament_ws/install/hello_helpers:/opt/ros/humble /usr/bin/cmake --install /home/cs225a1/coffeebot/coffee_ws/build/stretch_rtabmap
[1.564s] -- Install configuration: ""
[1.564s] -- Installing: /home/cs225a1/coffeebot/coffee_ws/install/stretch_rtabmap/share/stretch_rtabmap/launch
[1.564s] -- Installing: /home/cs225a1/coffeebot/coffee_ws/install/stretch_rtabmap/share/stretch_rtabmap/launch/visual_navigation.launch.py
[1.565s] -- Installing: /home/cs225a1/coffeebot/coffee_ws/install/stretch_rtabmap/share/stretch_rtabmap/launch/visual_mapping.launch.py
[1.565s] -- Installing: /home/cs225a1/coffeebot/coffee_ws/install/stretch_rtabmap/share/stretch_rtabmap/launch/visual_odometry.launch.py
[1.565s] -- Installing: /home/cs225a1/coffeebot/coffee_ws/install/stretch_rtabmap/share/stretch_rtabmap/rviz
[1.565s] -- Installing: /home/cs225a1/coffeebot/coffee_ws/install/stretch_rtabmap/share/stretch_rtabmap/rviz/rtabmap_nav.rviz
[1.565s] -- Installing: /home/cs225a1/coffeebot/coffee_ws/install/stretch_rtabmap/share/stretch_rtabmap/rviz/rtabmap.rviz
[1.565s] -- Installing: /home/cs225a1/coffeebot/coffee_ws/install/stretch_rtabmap/share/ament_index/resource_index/package_run_dependencies/stretch_rtabmap
[1.565s] -- Installing: /home/cs225a1/coffeebot/coffee_ws/install/stretch_rtabmap/share/ament_index/resource_index/parent_prefix_path/stretch_rtabmap
[1.565s] -- Installing: /home/cs225a1/coffeebot/coffee_ws/install/stretch_rtabmap/share/stretch_rtabmap/environment/ament_prefix_path.sh
[1.565s] -- Installing: /home/cs225a1/coffeebot/coffee_ws/install/stretch_rtabmap/share/stretch_rtabmap/environment/ament_prefix_path.dsv
[1.565s] -- Installing: /home/cs225a1/coffeebot/coffee_ws/install/stretch_rtabmap/share/stretch_rtabmap/environment/path.sh
[1.566s] -- Installing: /home/cs225a1/coffeebot/coffee_ws/install/stretch_rtabmap/share/stretch_rtabmap/environment/path.dsv
[1.566s] -- Installing: /home/cs225a1/coffeebot/coffee_ws/install/stretch_rtabmap/share/stretch_rtabmap/local_setup.bash
[1.566s] -- Installing: /home/cs225a1/coffeebot/coffee_ws/install/stretch_rtabmap/share/stretch_rtabmap/local_setup.sh
[1.566s] -- Installing: /home/cs225a1/coffeebot/coffee_ws/install/stretch_rtabmap/share/stretch_rtabmap/local_setup.zsh
[1.566s] -- Installing: /home/cs225a1/coffeebot/coffee_ws/install/stretch_rtabmap/share/stretch_rtabmap/local_setup.dsv
[1.566s] -- Installing: /home/cs225a1/coffeebot/coffee_ws/install/stretch_rtabmap/share/stretch_rtabmap/package.dsv
[1.566s] -- Installing: /home/cs225a1/coffeebot/coffee_ws/install/stretch_rtabmap/share/ament_index/resource_index/packages/stretch_rtabmap
[1.567s] -- Installing: /home/cs225a1/coffeebot/coffee_ws/install/stretch_rtabmap/share/stretch_rtabmap/cmake/stretch_rtabmapConfig.cmake
[1.567s] -- Installing: /home/cs225a1/coffeebot/coffee_ws/install/stretch_rtabmap/share/stretch_rtabmap/cmake/stretch_rtabmapConfig-version.cmake
[1.567s] -- Installing: /home/cs225a1/coffeebot/coffee_ws/install/stretch_rtabmap/share/stretch_rtabmap/package.xml
[1.569s] Invoked command in '/home/cs225a1/coffeebot/coffee_ws/build/stretch_rtabmap' returned '0': CMAKE_PREFIX_PATH=${CMAKE_PREFIX_PATH}:/home/cs225a1/coffeebot/coffee_ws/install/stretch_launch:/home/cs225a1/ament_ws/install/tf2_web_republisher_py:/home/cs225a1/ament_ws/install/stretch_ros_tutorials:/home/cs225a1/ament_ws/install/stretch_funmap:/home/cs225a1/ament_ws/install/stretch_calibration:/home/cs225a1/ament_ws/install/stretch_demos:/home/cs225a1/ament_ws/install/stretch_deep_perception:/home/cs225a1/ament_ws/install/stretch_core:/home/cs225a1/ament_ws/install/respeaker_ros2:/home/cs225a1/ament_ws/install/hello_helpers:/opt/ros/humble /usr/bin/cmake --install /home/cs225a1/coffeebot/coffee_ws/build/stretch_rtabmap
