-- Found ament_cmake: 1.3.11 (/opt/ros/humble/share/ament_cmake/cmake)
-- Found rclcpp: 16.0.11 (/opt/ros/humble/share/rclcpp/cmake)
-- Found rosidl_generator_c: 3.1.6 (/opt/ros/humble/share/rosidl_generator_c/cmake)
-- Found rosidl_adapter: 3.1.6 (/opt/ros/humble/share/rosidl_adapter/cmake)
-- Found rosidl_generator_cpp: 3.1.6 (/opt/ros/humble/share/rosidl_generator_cpp/cmake)
-- Using all available rosidl_typesupport_c: rosidl_typesupport_fastrtps_c;rosidl_typesupport_introspection_c
-- Using all available rosidl_typesupport_cpp: rosidl_typesupport_fastrtps_cpp;rosidl_typesupport_introspection_cpp
-- Found rmw_implementation_cmake: 6.1.2 (/opt/ros/humble/share/rmw_implementation_cmake/cmake)
-- Found rmw_fastrtps_cpp: 6.2.7 (/opt/ros/humble/share/rmw_fastrtps_cpp/cmake)
-- Using RMW implementation 'rmw_fastrtps_cpp' as default
-- Found ament_lint_auto: 0.12.11 (/opt/ros/humble/share/ament_lint_auto/cmake)
-- Added test 'copyright' to check source files copyright and LICENSE
-- Added test 'flake8' to check Python code syntax and style conventions
-- Added test 'lint_cmake' to check CMake code style
-- Added test 'pep257' to check Python code against some of the docstring style conventions in PEP 257
-- Added test 'xmllint' to check XML markup files
-- Configuring done
-- Generating done
-- Build files have been written to: /home/cs225a1/coffeebot/coffee_ws/build/stretch_nav2
Built target ament_cmake_python_copy_stretch_nav2
running egg_info
creating stretch_nav2.egg-info
writing stretch_nav2.egg-info/PKG-INFO
writing dependency_links to stretch_nav2.egg-info/dependency_links.txt
writing top-level names to stretch_nav2.egg-info/top_level.txt
writing manifest file 'stretch_nav2.egg-info/SOURCES.txt'
reading manifest file 'stretch_nav2.egg-info/SOURCES.txt'
writing manifest file 'stretch_nav2.egg-info/SOURCES.txt'
Built target ament_cmake_python_build_stretch_nav2_egg
-- Install configuration: ""
-- Installing: /home/cs225a1/coffeebot/coffee_ws/install/stretch_nav2/share/stretch_nav2/launch
-- Installing: /home/cs225a1/coffeebot/coffee_ws/install/stretch_nav2/share/stretch_nav2/launch/stretch_navigation.launch.py
-- Installing: /home/cs225a1/coffeebot/coffee_ws/install/stretch_nav2/share/stretch_nav2/launch/offline_mapping.launch.py
-- Installing: /home/cs225a1/coffeebot/coffee_ws/install/stretch_nav2/share/stretch_nav2/launch/navigation.launch.py
-- Installing: /home/cs225a1/coffeebot/coffee_ws/install/stretch_nav2/share/stretch_nav2/launch/teleop_twist.launch.py
-- Installing: /home/cs225a1/coffeebot/coffee_ws/install/stretch_nav2/share/stretch_nav2/launch/navigation_launch.py
-- Installing: /home/cs225a1/coffeebot/coffee_ws/install/stretch_nav2/share/stretch_nav2/launch/online_async_launch.py
-- Installing: /home/cs225a1/coffeebot/coffee_ws/install/stretch_nav2/share/stretch_nav2/launch/online_mapping.launch.py
-- Installing: /home/cs225a1/coffeebot/coffee_ws/install/stretch_nav2/share/stretch_nav2/launch/bringup_launch.py
-- Installing: /home/cs225a1/coffeebot/coffee_ws/install/stretch_nav2/share/stretch_nav2/launch/demo_security.launch.py
-- Installing: /home/cs225a1/coffeebot/coffee_ws/install/stretch_nav2/share/stretch_nav2/config
-- Installing: /home/cs225a1/coffeebot/coffee_ws/install/stretch_nav2/share/stretch_nav2/config/nav2_params.yaml
-- Installing: /home/cs225a1/coffeebot/coffee_ws/install/stretch_nav2/share/stretch_nav2/config/nav2_voxel_params.yaml
-- Installing: /home/cs225a1/coffeebot/coffee_ws/install/stretch_nav2/share/stretch_nav2/config/mapper_params_online_async.yaml
-- Installing: /home/cs225a1/coffeebot/coffee_ws/install/stretch_nav2/share/stretch_nav2/stretch_nav2
-- Installing: /home/cs225a1/coffeebot/coffee_ws/install/stretch_nav2/share/stretch_nav2/stretch_nav2/robot_navigator.py
-- Installing: /home/cs225a1/coffeebot/coffee_ws/install/stretch_nav2/share/stretch_nav2/stretch_nav2/simple_commander_demo.py
-- Installing: /home/cs225a1/coffeebot/coffee_ws/install/stretch_nav2/share/stretch_nav2/stretch_nav2/__init__.py
-- Installing: /home/cs225a1/coffeebot/coffee_ws/install/stretch_nav2/share/stretch_nav2/environment/pythonpath.sh
-- Installing: /home/cs225a1/coffeebot/coffee_ws/install/stretch_nav2/share/stretch_nav2/environment/pythonpath.dsv
-- Installing: /home/cs225a1/coffeebot/coffee_ws/install/stretch_nav2/local/lib/python3.10/dist-packages/stretch_nav2-0.0.1-py3.10.egg-info
-- Installing: /home/cs225a1/coffeebot/coffee_ws/install/stretch_nav2/local/lib/python3.10/dist-packages/stretch_nav2-0.0.1-py3.10.egg-info/dependency_links.txt
-- Installing: /home/cs225a1/coffeebot/coffee_ws/install/stretch_nav2/local/lib/python3.10/dist-packages/stretch_nav2-0.0.1-py3.10.egg-info/top_level.txt
-- Installing: /home/cs225a1/coffeebot/coffee_ws/install/stretch_nav2/local/lib/python3.10/dist-packages/stretch_nav2-0.0.1-py3.10.egg-info/PKG-INFO
-- Installing: /home/cs225a1/coffeebot/coffee_ws/install/stretch_nav2/local/lib/python3.10/dist-packages/stretch_nav2-0.0.1-py3.10.egg-info/SOURCES.txt
-- Installing: /home/cs225a1/coffeebot/coffee_ws/install/stretch_nav2/local/lib/python3.10/dist-packages/stretch_nav2
-- Installing: /home/cs225a1/coffeebot/coffee_ws/install/stretch_nav2/local/lib/python3.10/dist-packages/stretch_nav2/robot_navigator.py
-- Installing: /home/cs225a1/coffeebot/coffee_ws/install/stretch_nav2/local/lib/python3.10/dist-packages/stretch_nav2/simple_commander_demo.py
-- Installing: /home/cs225a1/coffeebot/coffee_ws/install/stretch_nav2/local/lib/python3.10/dist-packages/stretch_nav2/__init__.py
Listing '/home/cs225a1/coffeebot/coffee_ws/install/stretch_nav2/local/lib/python3.10/dist-packages/stretch_nav2'...
Compiling '/home/cs225a1/coffeebot/coffee_ws/install/stretch_nav2/local/lib/python3.10/dist-packages/stretch_nav2/__init__.py'...
Compiling '/home/cs225a1/coffeebot/coffee_ws/install/stretch_nav2/local/lib/python3.10/dist-packages/stretch_nav2/robot_navigator.py'...
Compiling '/home/cs225a1/coffeebot/coffee_ws/install/stretch_nav2/local/lib/python3.10/dist-packages/stretch_nav2/simple_commander_demo.py'...
-- Installing: /home/cs225a1/coffeebot/coffee_ws/install/stretch_nav2/lib/stretch_nav2/simple_commander_demo.py
-- Installing: /home/cs225a1/coffeebot/coffee_ws/install/stretch_nav2/share/ament_index/resource_index/package_run_dependencies/stretch_nav2
-- Installing: /home/cs225a1/coffeebot/coffee_ws/install/stretch_nav2/share/ament_index/resource_index/parent_prefix_path/stretch_nav2
-- Installing: /home/cs225a1/coffeebot/coffee_ws/install/stretch_nav2/share/stretch_nav2/environment/ament_prefix_path.sh
-- Installing: /home/cs225a1/coffeebot/coffee_ws/install/stretch_nav2/share/stretch_nav2/environment/ament_prefix_path.dsv
-- Installing: /home/cs225a1/coffeebot/coffee_ws/install/stretch_nav2/share/stretch_nav2/environment/path.sh
-- Installing: /home/cs225a1/coffeebot/coffee_ws/install/stretch_nav2/share/stretch_nav2/environment/path.dsv
-- Installing: /home/cs225a1/coffeebot/coffee_ws/install/stretch_nav2/share/stretch_nav2/local_setup.bash
-- Installing: /home/cs225a1/coffeebot/coffee_ws/install/stretch_nav2/share/stretch_nav2/local_setup.sh
-- Installing: /home/cs225a1/coffeebot/coffee_ws/install/stretch_nav2/share/stretch_nav2/local_setup.zsh
-- Installing: /home/cs225a1/coffeebot/coffee_ws/install/stretch_nav2/share/stretch_nav2/local_setup.dsv
-- Installing: /home/cs225a1/coffeebot/coffee_ws/install/stretch_nav2/share/stretch_nav2/package.dsv
-- Installing: /home/cs225a1/coffeebot/coffee_ws/install/stretch_nav2/share/ament_index/resource_index/packages/stretch_nav2
-- Installing: /home/cs225a1/coffeebot/coffee_ws/install/stretch_nav2/share/stretch_nav2/cmake/stretch_nav2Config.cmake
-- Installing: /home/cs225a1/coffeebot/coffee_ws/install/stretch_nav2/share/stretch_nav2/cmake/stretch_nav2Config-version.cmake
-- Installing: /home/cs225a1/coffeebot/coffee_ws/install/stretch_nav2/share/stretch_nav2/package.xml
