[0.999s] Invoking command in '/home/cs225a1/coffeebot/coffee_ws/build/stretch_nav2': CMAKE_PREFIX_PATH=${CMAKE_PREFIX_PATH}:/home/cs225a1/coffeebot/coffee_ws/install/stretch_launch:/home/cs225a1/ament_ws/install/tf2_web_republisher_py:/home/cs225a1/ament_ws/install/stretch_ros_tutorials:/home/cs225a1/ament_ws/install/stretch_funmap:/home/cs225a1/ament_ws/install/stretch_calibration:/home/cs225a1/ament_ws/install/stretch_demos:/home/cs225a1/ament_ws/install/stretch_deep_perception:/home/cs225a1/ament_ws/install/stretch_core:/home/cs225a1/ament_ws/install/respeaker_ros2:/home/cs225a1/ament_ws/install/hello_helpers:/opt/ros/humble /usr/bin/cmake --build /home/cs225a1/coffeebot/coffee_ws/build/stretch_nav2 -- -j16 -l16
[1.019s] -- Found ament_cmake: 1.3.11 (/opt/ros/humble/share/ament_cmake/cmake)
[1.195s] -- Found rclcpp: 16.0.11 (/opt/ros/humble/share/rclcpp/cmake)
[1.228s] -- Found rosidl_generator_c: 3.1.6 (/opt/ros/humble/share/rosidl_generator_c/cmake)
[1.231s] -- Found rosidl_adapter: 3.1.6 (/opt/ros/humble/share/rosidl_adapter/cmake)
[1.238s] -- Found rosidl_generator_cpp: 3.1.6 (/opt/ros/humble/share/rosidl_generator_cpp/cmake)
[1.250s] -- Using all available rosidl_typesupport_c: rosidl_typesupport_fastrtps_c;rosidl_typesupport_introspection_c
[1.266s] -- Using all available rosidl_typesupport_cpp: rosidl_typesupport_fastrtps_cpp;rosidl_typesupport_introspection_cpp
[1.303s] -- Found rmw_implementation_cmake: 6.1.2 (/opt/ros/humble/share/rmw_implementation_cmake/cmake)
[1.306s] -- Found rmw_fastrtps_cpp: 6.2.7 (/opt/ros/humble/share/rmw_fastrtps_cpp/cmake)
[1.434s] -- Using RMW implementation 'rmw_fastrtps_cpp' as default
[1.471s] -- Found ament_lint_auto: 0.12.11 (/opt/ros/humble/share/ament_lint_auto/cmake)
[1.562s] -- Added test 'copyright' to check source files copyright and LICENSE
[1.565s] -- Added test 'flake8' to check Python code syntax and style conventions
[1.565s] -- Added test 'lint_cmake' to check CMake code style
[1.566s] -- Added test 'pep257' to check Python code against some of the docstring style conventions in PEP 257
[1.567s] -- Added test 'xmllint' to check XML markup files
[1.568s] -- Configuring done
[1.574s] -- Generating done
[1.579s] -- Build files have been written to: /home/cs225a1/coffeebot/coffee_ws/build/stretch_nav2
[1.623s] Built target ament_cmake_python_copy_stretch_nav2
[1.870s] running egg_info
[1.870s] creating stretch_nav2.egg-info
[1.871s] writing stretch_nav2.egg-info/PKG-INFO
[1.871s] writing dependency_links to stretch_nav2.egg-info/dependency_links.txt
[1.871s] writing top-level names to stretch_nav2.egg-info/top_level.txt
[1.871s] writing manifest file 'stretch_nav2.egg-info/SOURCES.txt'
[1.874s] reading manifest file 'stretch_nav2.egg-info/SOURCES.txt'
[1.874s] writing manifest file 'stretch_nav2.egg-info/SOURCES.txt'
[1.896s] Built target ament_cmake_python_build_stretch_nav2_egg
[2.023s] Invoked command in '/home/cs225a1/coffeebot/coffee_ws/build/stretch_nav2' returned '0': CMAKE_PREFIX_PATH=${CMAKE_PREFIX_PATH}:/home/cs225a1/coffeebot/coffee_ws/install/stretch_launch:/home/cs225a1/ament_ws/install/tf2_web_republisher_py:/home/cs225a1/ament_ws/install/stretch_ros_tutorials:/home/cs225a1/ament_ws/install/stretch_funmap:/home/cs225a1/ament_ws/install/stretch_calibration:/home/cs225a1/ament_ws/install/stretch_demos:/home/cs225a1/ament_ws/install/stretch_deep_perception:/home/cs225a1/ament_ws/install/stretch_core:/home/cs225a1/ament_ws/install/respeaker_ros2:/home/cs225a1/ament_ws/install/hello_helpers:/opt/ros/humble /usr/bin/cmake --build /home/cs225a1/coffeebot/coffee_ws/build/stretch_nav2 -- -j16 -l16
[2.023s] Invoking command in '/home/cs225a1/coffeebot/coffee_ws/build/stretch_nav2': CMAKE_PREFIX_PATH=${CMAKE_PREFIX_PATH}:/home/cs225a1/coffeebot/coffee_ws/install/stretch_launch:/home/cs225a1/ament_ws/install/tf2_web_republisher_py:/home/cs225a1/ament_ws/install/stretch_ros_tutorials:/home/cs225a1/ament_ws/install/stretch_funmap:/home/cs225a1/ament_ws/install/stretch_calibration:/home/cs225a1/ament_ws/install/stretch_demos:/home/cs225a1/ament_ws/install/stretch_deep_perception:/home/cs225a1/ament_ws/install/stretch_core:/home/cs225a1/ament_ws/install/respeaker_ros2:/home/cs225a1/ament_ws/install/hello_helpers:/opt/ros/humble /usr/bin/cmake --install /home/cs225a1/coffeebot/coffee_ws/build/stretch_nav2
[2.032s] -- Install configuration: ""
[2.032s] -- Installing: /home/cs225a1/coffeebot/coffee_ws/install/stretch_nav2/share/stretch_nav2/launch
[2.032s] -- Installing: /home/cs225a1/coffeebot/coffee_ws/install/stretch_nav2/share/stretch_nav2/launch/stretch_navigation.launch.py
[2.032s] -- Installing: /home/cs225a1/coffeebot/coffee_ws/install/stretch_nav2/share/stretch_nav2/launch/offline_mapping.launch.py
[2.032s] -- Installing: /home/cs225a1/coffeebot/coffee_ws/install/stretch_nav2/share/stretch_nav2/launch/navigation.launch.py
[2.032s] -- Installing: /home/cs225a1/coffeebot/coffee_ws/install/stretch_nav2/share/stretch_nav2/launch/teleop_twist.launch.py
[2.032s] -- Installing: /home/cs225a1/coffeebot/coffee_ws/install/stretch_nav2/share/stretch_nav2/launch/navigation_launch.py
[2.032s] -- Installing: /home/cs225a1/coffeebot/coffee_ws/install/stretch_nav2/share/stretch_nav2/launch/online_async_launch.py
[2.032s] -- Installing: /home/cs225a1/coffeebot/coffee_ws/install/stretch_nav2/share/stretch_nav2/launch/online_mapping.launch.py
[2.032s] -- Installing: /home/cs225a1/coffeebot/coffee_ws/install/stretch_nav2/share/stretch_nav2/launch/bringup_launch.py
[2.033s] -- Installing: /home/cs225a1/coffeebot/coffee_ws/install/stretch_nav2/share/stretch_nav2/launch/demo_security.launch.py
[2.033s] -- Installing: /home/cs225a1/coffeebot/coffee_ws/install/stretch_nav2/share/stretch_nav2/config
[2.033s] -- Installing: /home/cs225a1/coffeebot/coffee_ws/install/stretch_nav2/share/stretch_nav2/config/nav2_params.yaml
[2.033s] -- Installing: /home/cs225a1/coffeebot/coffee_ws/install/stretch_nav2/share/stretch_nav2/config/nav2_voxel_params.yaml
[2.033s] -- Installing: /home/cs225a1/coffeebot/coffee_ws/install/stretch_nav2/share/stretch_nav2/config/mapper_params_online_async.yaml
[2.033s] -- Installing: /home/cs225a1/coffeebot/coffee_ws/install/stretch_nav2/share/stretch_nav2/stretch_nav2
[2.033s] -- Installing: /home/cs225a1/coffeebot/coffee_ws/install/stretch_nav2/share/stretch_nav2/stretch_nav2/robot_navigator.py
[2.033s] -- Installing: /home/cs225a1/coffeebot/coffee_ws/install/stretch_nav2/share/stretch_nav2/stretch_nav2/simple_commander_demo.py
[2.033s] -- Installing: /home/cs225a1/coffeebot/coffee_ws/install/stretch_nav2/share/stretch_nav2/stretch_nav2/__init__.py
[2.033s] -- Installing: /home/cs225a1/coffeebot/coffee_ws/install/stretch_nav2/share/stretch_nav2/environment/pythonpath.sh
[2.033s] -- Installing: /home/cs225a1/coffeebot/coffee_ws/install/stretch_nav2/share/stretch_nav2/environment/pythonpath.dsv
[2.033s] -- Installing: /home/cs225a1/coffeebot/coffee_ws/install/stretch_nav2/local/lib/python3.10/dist-packages/stretch_nav2-0.0.1-py3.10.egg-info
[2.033s] -- Installing: /home/cs225a1/coffeebot/coffee_ws/install/stretch_nav2/local/lib/python3.10/dist-packages/stretch_nav2-0.0.1-py3.10.egg-info/dependency_links.txt
[2.033s] -- Installing: /home/cs225a1/coffeebot/coffee_ws/install/stretch_nav2/local/lib/python3.10/dist-packages/stretch_nav2-0.0.1-py3.10.egg-info/top_level.txt
[2.033s] -- Installing: /home/cs225a1/coffeebot/coffee_ws/install/stretch_nav2/local/lib/python3.10/dist-packages/stretch_nav2-0.0.1-py3.10.egg-info/PKG-INFO
[2.033s] -- Installing: /home/cs225a1/coffeebot/coffee_ws/install/stretch_nav2/local/lib/python3.10/dist-packages/stretch_nav2-0.0.1-py3.10.egg-info/SOURCES.txt
[2.033s] -- Installing: /home/cs225a1/coffeebot/coffee_ws/install/stretch_nav2/local/lib/python3.10/dist-packages/stretch_nav2
[2.033s] -- Installing: /home/cs225a1/coffeebot/coffee_ws/install/stretch_nav2/local/lib/python3.10/dist-packages/stretch_nav2/robot_navigator.py
[2.033s] -- Installing: /home/cs225a1/coffeebot/coffee_ws/install/stretch_nav2/local/lib/python3.10/dist-packages/stretch_nav2/simple_commander_demo.py
[2.033s] -- Installing: /home/cs225a1/coffeebot/coffee_ws/install/stretch_nav2/local/lib/python3.10/dist-packages/stretch_nav2/__init__.py
[2.067s] Listing '/home/cs225a1/coffeebot/coffee_ws/install/stretch_nav2/local/lib/python3.10/dist-packages/stretch_nav2'...
[2.067s] Compiling '/home/cs225a1/coffeebot/coffee_ws/install/stretch_nav2/local/lib/python3.10/dist-packages/stretch_nav2/__init__.py'...
[2.067s] Compiling '/home/cs225a1/coffeebot/coffee_ws/install/stretch_nav2/local/lib/python3.10/dist-packages/stretch_nav2/robot_navigator.py'...
[2.067s] Compiling '/home/cs225a1/coffeebot/coffee_ws/install/stretch_nav2/local/lib/python3.10/dist-packages/stretch_nav2/simple_commander_demo.py'...
[2.070s] -- Installing: /home/cs225a1/coffeebot/coffee_ws/install/stretch_nav2/lib/stretch_nav2/simple_commander_demo.py
[2.071s] -- Installing: /home/cs225a1/coffeebot/coffee_ws/install/stretch_nav2/share/ament_index/resource_index/package_run_dependencies/stretch_nav2
[2.071s] -- Installing: /home/cs225a1/coffeebot/coffee_ws/install/stretch_nav2/share/ament_index/resource_index/parent_prefix_path/stretch_nav2
[2.071s] -- Installing: /home/cs225a1/coffeebot/coffee_ws/install/stretch_nav2/share/stretch_nav2/environment/ament_prefix_path.sh
[2.071s] -- Installing: /home/cs225a1/coffeebot/coffee_ws/install/stretch_nav2/share/stretch_nav2/environment/ament_prefix_path.dsv
[2.071s] -- Installing: /home/cs225a1/coffeebot/coffee_ws/install/stretch_nav2/share/stretch_nav2/environment/path.sh
[2.071s] -- Installing: /home/cs225a1/coffeebot/coffee_ws/install/stretch_nav2/share/stretch_nav2/environment/path.dsv
[2.071s] -- Installing: /home/cs225a1/coffeebot/coffee_ws/install/stretch_nav2/share/stretch_nav2/local_setup.bash
[2.071s] -- Installing: /home/cs225a1/coffeebot/coffee_ws/install/stretch_nav2/share/stretch_nav2/local_setup.sh
[2.071s] -- Installing: /home/cs225a1/coffeebot/coffee_ws/install/stretch_nav2/share/stretch_nav2/local_setup.zsh
[2.071s] -- Installing: /home/cs225a1/coffeebot/coffee_ws/install/stretch_nav2/share/stretch_nav2/local_setup.dsv
[2.071s] -- Installing: /home/cs225a1/coffeebot/coffee_ws/install/stretch_nav2/share/stretch_nav2/package.dsv
[2.071s] -- Installing: /home/cs225a1/coffeebot/coffee_ws/install/stretch_nav2/share/ament_index/resource_index/packages/stretch_nav2
[2.071s] -- Installing: /home/cs225a1/coffeebot/coffee_ws/install/stretch_nav2/share/stretch_nav2/cmake/stretch_nav2Config.cmake
[2.071s] -- Installing: /home/cs225a1/coffeebot/coffee_ws/install/stretch_nav2/share/stretch_nav2/cmake/stretch_nav2Config-version.cmake
[2.071s] -- Installing: /home/cs225a1/coffeebot/coffee_ws/install/stretch_nav2/share/stretch_nav2/package.xml
[2.073s] Invoked command in '/home/cs225a1/coffeebot/coffee_ws/build/stretch_nav2' returned '0': CMAKE_PREFIX_PATH=${CMAKE_PREFIX_PATH}:/home/cs225a1/coffeebot/coffee_ws/install/stretch_launch:/home/cs225a1/ament_ws/install/tf2_web_republisher_py:/home/cs225a1/ament_ws/install/stretch_ros_tutorials:/home/cs225a1/ament_ws/install/stretch_funmap:/home/cs225a1/ament_ws/install/stretch_calibration:/home/cs225a1/ament_ws/install/stretch_demos:/home/cs225a1/ament_ws/install/stretch_deep_perception:/home/cs225a1/ament_ws/install/stretch_core:/home/cs225a1/ament_ws/install/respeaker_ros2:/home/cs225a1/ament_ws/install/hello_helpers:/opt/ros/humble /usr/bin/cmake --install /home/cs225a1/coffeebot/coffee_ws/build/stretch_nav2
