[0.507s] Invoking command in '/home/cs225a1/coffeebot/coffee_ws/src/stretch_ros2/stretch_calibration': AMENT_PREFIX_PATH=/home/cs225a1/coffeebot/coffee_ws/install/stretch_core:/home/cs225a1/coffeebot/coffee_ws/install/stretch_description:/home/cs225a1/coffeebot/coffee_ws/install/hello_helpers:${AMENT_PREFIX_PATH} CMAKE_PREFIX_PATH=/home/cs225a1/coffeebot/coffee_ws/install/stretch_description:${CMAKE_PREFIX_PATH} PYTHONPATH=/home/cs225a1/coffeebot/coffee_ws/build/stretch_calibration/prefix_override:/usr/lib/python3/dist-packages/colcon_core/task/python/colcon_distutils_commands:/home/cs225a1/coffeebot/coffee_ws/install/stretch_calibration/lib/python3.10/site-packages:/home/cs225a1/coffeebot/coffee_ws/install/stretch_core/lib/python3.10/site-packages:/home/cs225a1/coffeebot/coffee_ws/install/hello_helpers/lib/python3.10/site-packages:${PYTHONPATH} /usr/bin/python3 -W ignore:setup.py install is deprecated -W ignore:easy_install command is deprecated setup.py egg_info --egg-base ../../../build/stretch_calibration build --build-base /home/cs225a1/coffeebot/coffee_ws/build/stretch_calibration/build install --record /home/cs225a1/coffeebot/coffee_ws/build/stretch_calibration/install.log --single-version-externally-managed install_data
[0.685s] running egg_info
[0.685s] creating ../../../build/stretch_calibration/stretch_calibration.egg-info
[0.685s] writing ../../../build/stretch_calibration/stretch_calibration.egg-info/PKG-INFO
[0.685s] writing dependency_links to ../../../build/stretch_calibration/stretch_calibration.egg-info/dependency_links.txt
[0.685s] writing entry points to ../../../build/stretch_calibration/stretch_calibration.egg-info/entry_points.txt
[0.685s] writing requirements to ../../../build/stretch_calibration/stretch_calibration.egg-info/requires.txt
[0.686s] writing top-level names to ../../../build/stretch_calibration/stretch_calibration.egg-info/top_level.txt
[0.686s] writing manifest file '../../../build/stretch_calibration/stretch_calibration.egg-info/SOURCES.txt'
[0.687s] reading manifest file '../../../build/stretch_calibration/stretch_calibration.egg-info/SOURCES.txt'
[0.687s] adding license file 'LICENSE.md'
[0.687s] writing manifest file '../../../build/stretch_calibration/stretch_calibration.egg-info/SOURCES.txt'
[0.687s] running build
[0.687s] running build_py
[0.688s] creating /home/cs225a1/coffeebot/coffee_ws/build/stretch_calibration/build
[0.688s] creating /home/cs225a1/coffeebot/coffee_ws/build/stretch_calibration/build/lib
[0.688s] creating /home/cs225a1/coffeebot/coffee_ws/build/stretch_calibration/build/lib/stretch_calibration
[0.688s] copying stretch_calibration/visualize_most_recent_head_calibration.py -> /home/cs225a1/coffeebot/coffee_ws/build/stretch_calibration/build/lib/stretch_calibration
[0.688s] copying stretch_calibration/process_head_calibration_data.py -> /home/cs225a1/coffeebot/coffee_ws/build/stretch_calibration/build/lib/stretch_calibration
[0.688s] copying stretch_calibration/calibration.py -> /home/cs225a1/coffeebot/coffee_ws/build/stretch_calibration/build/lib/stretch_calibration
[0.688s] copying stretch_calibration/check_head_calibration.py -> /home/cs225a1/coffeebot/coffee_ws/build/stretch_calibration/build/lib/stretch_calibration
[0.688s] copying stretch_calibration/collect_head_calibration_data.py -> /home/cs225a1/coffeebot/coffee_ws/build/stretch_calibration/build/lib/stretch_calibration
[0.688s] copying stretch_calibration/__init__.py -> /home/cs225a1/coffeebot/coffee_ws/build/stretch_calibration/build/lib/stretch_calibration
[0.688s] copying stretch_calibration/update_urdf_after_xacro_change.py -> /home/cs225a1/coffeebot/coffee_ws/build/stretch_calibration/build/lib/stretch_calibration
[0.688s] copying stretch_calibration/update_with_most_recent_calibration.py -> /home/cs225a1/coffeebot/coffee_ws/build/stretch_calibration/build/lib/stretch_calibration
[0.688s] copying stretch_calibration/update_uncalibrated_urdf.py -> /home/cs225a1/coffeebot/coffee_ws/build/stretch_calibration/build/lib/stretch_calibration
[0.688s] copying stretch_calibration/revert_to_previous_calibration.py -> /home/cs225a1/coffeebot/coffee_ws/build/stretch_calibration/build/lib/stretch_calibration
[0.688s] running install
[0.688s] running install_lib
[0.689s] creating /home/cs225a1/coffeebot/coffee_ws/install/stretch_calibration/lib/python3.10/site-packages/stretch_calibration
[0.689s] copying /home/cs225a1/coffeebot/coffee_ws/build/stretch_calibration/build/lib/stretch_calibration/visualize_most_recent_head_calibration.py -> /home/cs225a1/coffeebot/coffee_ws/install/stretch_calibration/lib/python3.10/site-packages/stretch_calibration
[0.689s] copying /home/cs225a1/coffeebot/coffee_ws/build/stretch_calibration/build/lib/stretch_calibration/process_head_calibration_data.py -> /home/cs225a1/coffeebot/coffee_ws/install/stretch_calibration/lib/python3.10/site-packages/stretch_calibration
[0.689s] copying /home/cs225a1/coffeebot/coffee_ws/build/stretch_calibration/build/lib/stretch_calibration/calibration.py -> /home/cs225a1/coffeebot/coffee_ws/install/stretch_calibration/lib/python3.10/site-packages/stretch_calibration
[0.689s] copying /home/cs225a1/coffeebot/coffee_ws/build/stretch_calibration/build/lib/stretch_calibration/check_head_calibration.py -> /home/cs225a1/coffeebot/coffee_ws/install/stretch_calibration/lib/python3.10/site-packages/stretch_calibration
[0.689s] copying /home/cs225a1/coffeebot/coffee_ws/build/stretch_calibration/build/lib/stretch_calibration/collect_head_calibration_data.py -> /home/cs225a1/coffeebot/coffee_ws/install/stretch_calibration/lib/python3.10/site-packages/stretch_calibration
[0.689s] copying /home/cs225a1/coffeebot/coffee_ws/build/stretch_calibration/build/lib/stretch_calibration/__init__.py -> /home/cs225a1/coffeebot/coffee_ws/install/stretch_calibration/lib/python3.10/site-packages/stretch_calibration
[0.689s] copying /home/cs225a1/coffeebot/coffee_ws/build/stretch_calibration/build/lib/stretch_calibration/update_urdf_after_xacro_change.py -> /home/cs225a1/coffeebot/coffee_ws/install/stretch_calibration/lib/python3.10/site-packages/stretch_calibration
[0.689s] copying /home/cs225a1/coffeebot/coffee_ws/build/stretch_calibration/build/lib/stretch_calibration/update_with_most_recent_calibration.py -> /home/cs225a1/coffeebot/coffee_ws/install/stretch_calibration/lib/python3.10/site-packages/stretch_calibration
[0.689s] copying /home/cs225a1/coffeebot/coffee_ws/build/stretch_calibration/build/lib/stretch_calibration/update_uncalibrated_urdf.py -> /home/cs225a1/coffeebot/coffee_ws/install/stretch_calibration/lib/python3.10/site-packages/stretch_calibration
[0.689s] copying /home/cs225a1/coffeebot/coffee_ws/build/stretch_calibration/build/lib/stretch_calibration/revert_to_previous_calibration.py -> /home/cs225a1/coffeebot/coffee_ws/install/stretch_calibration/lib/python3.10/site-packages/stretch_calibration
[0.689s] byte-compiling /home/cs225a1/coffeebot/coffee_ws/install/stretch_calibration/lib/python3.10/site-packages/stretch_calibration/visualize_most_recent_head_calibration.py to visualize_most_recent_head_calibration.cpython-310.pyc
[0.690s] byte-compiling /home/cs225a1/coffeebot/coffee_ws/install/stretch_calibration/lib/python3.10/site-packages/stretch_calibration/process_head_calibration_data.py to process_head_calibration_data.cpython-310.pyc
[0.693s] byte-compiling /home/cs225a1/coffeebot/coffee_ws/install/stretch_calibration/lib/python3.10/site-packages/stretch_calibration/calibration.py to calibration.cpython-310.pyc
[0.695s] byte-compiling /home/cs225a1/coffeebot/coffee_ws/install/stretch_calibration/lib/python3.10/site-packages/stretch_calibration/check_head_calibration.py to check_head_calibration.cpython-310.pyc
[0.695s] byte-compiling /home/cs225a1/coffeebot/coffee_ws/install/stretch_calibration/lib/python3.10/site-packages/stretch_calibration/collect_head_calibration_data.py to collect_head_calibration_data.cpython-310.pyc
[0.697s] byte-compiling /home/cs225a1/coffeebot/coffee_ws/install/stretch_calibration/lib/python3.10/site-packages/stretch_calibration/__init__.py to __init__.cpython-310.pyc
[0.697s] byte-compiling /home/cs225a1/coffeebot/coffee_ws/install/stretch_calibration/lib/python3.10/site-packages/stretch_calibration/update_urdf_after_xacro_change.py to update_urdf_after_xacro_change.cpython-310.pyc
[0.697s] byte-compiling /home/cs225a1/coffeebot/coffee_ws/install/stretch_calibration/lib/python3.10/site-packages/stretch_calibration/update_with_most_recent_calibration.py to update_with_most_recent_calibration.cpython-310.pyc
[0.698s] byte-compiling /home/cs225a1/coffeebot/coffee_ws/install/stretch_calibration/lib/python3.10/site-packages/stretch_calibration/update_uncalibrated_urdf.py to update_uncalibrated_urdf.cpython-310.pyc
[0.698s] byte-compiling /home/cs225a1/coffeebot/coffee_ws/install/stretch_calibration/lib/python3.10/site-packages/stretch_calibration/revert_to_previous_calibration.py to revert_to_previous_calibration.cpython-310.pyc
[0.698s] running install_data
[0.698s] creating /home/cs225a1/coffeebot/coffee_ws/install/stretch_calibration/share/ament_index
[0.698s] creating /home/cs225a1/coffeebot/coffee_ws/install/stretch_calibration/share/ament_index/resource_index
[0.698s] creating /home/cs225a1/coffeebot/coffee_ws/install/stretch_calibration/share/ament_index/resource_index/packages
[0.698s] copying resource/stretch_calibration -> /home/cs225a1/coffeebot/coffee_ws/install/stretch_calibration/share/ament_index/resource_index/packages
[0.698s] copying package.xml -> /home/cs225a1/coffeebot/coffee_ws/install/stretch_calibration/share/stretch_calibration
[0.698s] creating /home/cs225a1/coffeebot/coffee_ws/install/stretch_calibration/share/stretch_calibration/launch
[0.698s] copying launch/process_head_calibration_data.launch.py -> /home/cs225a1/coffeebot/coffee_ws/install/stretch_calibration/share/stretch_calibration/launch
[0.698s] copying launch/simple_test_head_calibration_low_resolution.launch.py -> /home/cs225a1/coffeebot/coffee_ws/install/stretch_calibration/share/stretch_calibration/launch
[0.698s] copying launch/process_head_calibration_data_with_visualization.launch.py -> /home/cs225a1/coffeebot/coffee_ws/install/stretch_calibration/share/stretch_calibration/launch
[0.699s] copying launch/collect_head_calibration_data.launch.py -> /home/cs225a1/coffeebot/coffee_ws/install/stretch_calibration/share/stretch_calibration/launch
[0.699s] copying launch/collect_check_head_calibration_data.launch.py -> /home/cs225a1/coffeebot/coffee_ws/install/stretch_calibration/share/stretch_calibration/launch
[0.699s] copying launch/check_head_calibration.launch.py -> /home/cs225a1/coffeebot/coffee_ws/install/stretch_calibration/share/stretch_calibration/launch
[0.699s] copying launch/simple_test_head_calibration.launch.py -> /home/cs225a1/coffeebot/coffee_ws/install/stretch_calibration/share/stretch_calibration/launch
[0.699s] copying launch/visualize_head_calibration.launch.py -> /home/cs225a1/coffeebot/coffee_ws/install/stretch_calibration/share/stretch_calibration/launch
[0.699s] copying launch/use_prior_head_calibration_to_update_urdf.launch.py -> /home/cs225a1/coffeebot/coffee_ws/install/stretch_calibration/share/stretch_calibration/launch
[0.699s] creating /home/cs225a1/coffeebot/coffee_ws/install/stretch_calibration/share/stretch_calibration/config
[0.699s] copying config/head_calibration_options.yaml -> /home/cs225a1/coffeebot/coffee_ws/install/stretch_calibration/share/stretch_calibration/config
[0.699s] creating /home/cs225a1/coffeebot/coffee_ws/install/stretch_calibration/share/stretch_calibration/rviz
[0.699s] copying rviz/head_calibration.rviz -> /home/cs225a1/coffeebot/coffee_ws/install/stretch_calibration/share/stretch_calibration/rviz
[0.699s] copying rviz/stretch_simple_test.rviz -> /home/cs225a1/coffeebot/coffee_ws/install/stretch_calibration/share/stretch_calibration/rviz
[0.699s] running install_egg_info
[0.700s] Copying ../../../build/stretch_calibration/stretch_calibration.egg-info to /home/cs225a1/coffeebot/coffee_ws/install/stretch_calibration/lib/python3.10/site-packages/stretch_calibration-0.2.0-py3.10.egg-info
[0.701s] running install_scripts
[0.715s] Installing check_head_calibration script to /home/cs225a1/coffeebot/coffee_ws/install/stretch_calibration/lib/stretch_calibration
[0.715s] Installing collect_head_calibration_data script to /home/cs225a1/coffeebot/coffee_ws/install/stretch_calibration/lib/stretch_calibration
[0.716s] Installing process_head_calibration_data script to /home/cs225a1/coffeebot/coffee_ws/install/stretch_calibration/lib/stretch_calibration
[0.716s] Installing revert_to_previous_calibration script to /home/cs225a1/coffeebot/coffee_ws/install/stretch_calibration/lib/stretch_calibration
[0.716s] Installing update_uncalibrated_urdf script to /home/cs225a1/coffeebot/coffee_ws/install/stretch_calibration/lib/stretch_calibration
[0.716s] Installing update_urdf_after_xacro_change script to /home/cs225a1/coffeebot/coffee_ws/install/stretch_calibration/lib/stretch_calibration
[0.716s] Installing update_with_most_recent_calibration script to /home/cs225a1/coffeebot/coffee_ws/install/stretch_calibration/lib/stretch_calibration
[0.716s] Installing visualize_most_recent_head_calibration script to /home/cs225a1/coffeebot/coffee_ws/install/stretch_calibration/lib/stretch_calibration
[0.716s] writing list of installed files to '/home/cs225a1/coffeebot/coffee_ws/build/stretch_calibration/install.log'
[0.732s] Invoked command in '/home/cs225a1/coffeebot/coffee_ws/src/stretch_ros2/stretch_calibration' returned '0': AMENT_PREFIX_PATH=/home/cs225a1/coffeebot/coffee_ws/install/stretch_core:/home/cs225a1/coffeebot/coffee_ws/install/stretch_description:/home/cs225a1/coffeebot/coffee_ws/install/hello_helpers:${AMENT_PREFIX_PATH} CMAKE_PREFIX_PATH=/home/cs225a1/coffeebot/coffee_ws/install/stretch_description:${CMAKE_PREFIX_PATH} PYTHONPATH=/home/cs225a1/coffeebot/coffee_ws/build/stretch_calibration/prefix_override:/usr/lib/python3/dist-packages/colcon_core/task/python/colcon_distutils_commands:/home/cs225a1/coffeebot/coffee_ws/install/stretch_calibration/lib/python3.10/site-packages:/home/cs225a1/coffeebot/coffee_ws/install/stretch_core/lib/python3.10/site-packages:/home/cs225a1/coffeebot/coffee_ws/install/hello_helpers/lib/python3.10/site-packages:${PYTHONPATH} /usr/bin/python3 -W ignore:setup.py install is deprecated -W ignore:easy_install command is deprecated setup.py egg_info --egg-base ../../../build/stretch_calibration build --build-base /home/cs225a1/coffeebot/coffee_ws/build/stretch_calibration/build install --record /home/cs225a1/coffeebot/coffee_ws/build/stretch_calibration/install.log --single-version-externally-managed install_data
