running egg_info
writing ../../../build/stretch_funmap/stretch_funmap.egg-info/PKG-INFO
writing dependency_links to ../../../build/stretch_funmap/stretch_funmap.egg-info/dependency_links.txt
writing entry points to ../../../build/stretch_funmap/stretch_funmap.egg-info/entry_points.txt
writing requirements to ../../../build/stretch_funmap/stretch_funmap.egg-info/requires.txt
writing top-level names to ../../../build/stretch_funmap/stretch_funmap.egg-info/top_level.txt
reading manifest file '../../../build/stretch_funmap/stretch_funmap.egg-info/SOURCES.txt'
adding license file 'LICENSE.md'
writing manifest file '../../../build/stretch_funmap/stretch_funmap.egg-info/SOURCES.txt'
running build
running build_py
running install
running install_lib
running install_data
running install_egg_info
removing '/home/cs225a1/coffeebot/coffee_ws/install/stretch_funmap/lib/python3.10/site-packages/stretch_funmap-0.0.0-py3.10.egg-info' (and everything under it)
Copying ../../../build/stretch_funmap/stretch_funmap.egg-info to /home/cs225a1/coffeebot/coffee_ws/install/stretch_funmap/lib/python3.10/site-packages/stretch_funmap-0.0.0-py3.10.egg-info
running install_scripts
Installing funmap script to /home/cs225a1/coffeebot/coffee_ws/install/stretch_funmap/lib/stretch_funmap
writing list of installed files to '/home/cs225a1/coffeebot/coffee_ws/build/stretch_funmap/install.log'
