[1.034s] Invoking command in '/home/cs225a1/coffeebot/coffee_ws/build/stretch_rtabmap': CMAKE_PREFIX_PATH=${CMAKE_PREFIX_PATH}:/home/cs225a1/coffeebot/coffee_ws/install/stretch_launch:/home/cs225a1/ament_ws/install/tf2_web_republisher_py:/home/cs225a1/ament_ws/install/stretch_ros_tutorials:/home/cs225a1/ament_ws/install/stretch_funmap:/home/cs225a1/ament_ws/install/stretch_calibration:/home/cs225a1/ament_ws/install/stretch_demos:/home/cs225a1/ament_ws/install/stretch_deep_perception:/home/cs225a1/ament_ws/install/stretch_core:/home/cs225a1/ament_ws/install/respeaker_ros2:/home/cs225a1/ament_ws/install/hello_helpers:/opt/ros/humble /usr/bin/cmake /home/cs225a1/coffeebot/coffee_ws/src/stretch_ros2/stretch_rtabmap -DCMAKE_INSTALL_PREFIX=/home/cs225a1/coffeebot/coffee_ws/install/stretch_rtabmap
[1.093s] -- The C compiler identification is GNU 11.4.0
[1.153s] -- The CXX compiler identification is GNU 11.4.0
[1.161s] -- Detecting C compiler ABI info
[1.235s] -- Detecting C compiler ABI info - done
[1.243s] -- Check for working C compiler: /usr/bin/cc - skipped
[1.243s] -- Detecting C compile features
[1.244s] -- Detecting C compile features - done
[1.247s] -- Detecting CXX compiler ABI info
[1.335s] -- Detecting CXX compiler ABI info - done
[1.344s] -- Check for working CXX compiler: /usr/bin/c++ - skipped
[1.344s] -- Detecting CXX compile features
[1.345s] -- Detecting CXX compile features - done
[1.351s] -- Found ament_cmake: 1.3.11 (/opt/ros/humble/share/ament_cmake/cmake)
[1.618s] -- Found Python3: /usr/bin/python3 (found version "3.10.12") found components: Interpreter 
[1.707s] -- Found rclcpp: 16.0.11 (/opt/ros/humble/share/rclcpp/cmake)
[1.751s] -- Found rosidl_generator_c: 3.1.6 (/opt/ros/humble/share/rosidl_generator_c/cmake)
[1.758s] -- Found rosidl_adapter: 3.1.6 (/opt/ros/humble/share/rosidl_adapter/cmake)
[1.767s] -- Found rosidl_generator_cpp: 3.1.6 (/opt/ros/humble/share/rosidl_generator_cpp/cmake)
[1.781s] -- Using all available rosidl_typesupport_c: rosidl_typesupport_fastrtps_c;rosidl_typesupport_introspection_c
[1.798s] -- Using all available rosidl_typesupport_cpp: rosidl_typesupport_fastrtps_cpp;rosidl_typesupport_introspection_cpp
[1.846s] -- Found rmw_implementation_cmake: 6.1.2 (/opt/ros/humble/share/rmw_implementation_cmake/cmake)
[1.850s] -- Found rmw_fastrtps_cpp: 6.2.7 (/opt/ros/humble/share/rmw_fastrtps_cpp/cmake)
[1.943s] -- Found OpenSSL: /usr/lib/x86_64-linux-gnu/libcrypto.so (found version "3.0.2")  
[1.968s] -- Found FastRTPS: /opt/ros/humble/include  
[2.002s] -- Using RMW implementation 'rmw_fastrtps_cpp' as default
[2.011s] -- Looking for pthread.h
[2.068s] -- Looking for pthread.h - found
[2.068s] -- Performing Test CMAKE_HAVE_LIBC_PTHREAD
[2.126s] -- Performing Test CMAKE_HAVE_LIBC_PTHREAD - Success
[2.127s] -- Found Threads: TRUE  
[2.173s] -- Found ament_lint_auto: 0.12.11 (/opt/ros/humble/share/ament_lint_auto/cmake)
[2.257s] -- Added test 'copyright' to check source files copyright and LICENSE
[2.258s] -- Added test 'flake8' to check Python code syntax and style conventions
[2.259s] -- Added test 'lint_cmake' to check CMake code style
[2.259s] -- Added test 'pep257' to check Python code against some of the docstring style conventions in PEP 257
[2.260s] -- Added test 'xmllint' to check XML markup files
[2.261s] -- Configuring done
[2.264s] -- Generating done
[2.265s] -- Build files have been written to: /home/cs225a1/coffeebot/coffee_ws/build/stretch_rtabmap
