[0.559s] Invoking command in '/home/cs225a1/coffeebot/coffee_ws/src/stretch_ros2/stretch_core': AMENT_PREFIX_PATH=/home/cs225a1/coffeebot/coffee_ws/install/hello_helpers:${AMENT_PREFIX_PATH} PYTHONPATH=/home/cs225a1/coffeebot/coffee_ws/build/stretch_core/prefix_override:/usr/lib/python3/dist-packages/colcon_core/task/python/colcon_distutils_commands:/home/cs225a1/coffeebot/coffee_ws/install/stretch_core/lib/python3.10/site-packages:/home/cs225a1/coffeebot/coffee_ws/install/hello_helpers/lib/python3.10/site-packages:${PYTHONPATH} /usr/bin/python3 -W ignore:setup.py install is deprecated -W ignore:easy_install command is deprecated setup.py egg_info --egg-base ../../../build/stretch_core build --build-base /home/cs225a1/coffeebot/coffee_ws/build/stretch_core/build install --record /home/cs225a1/coffeebot/coffee_ws/build/stretch_core/install.log --single-version-externally-managed install_data
[0.739s] running egg_info
[0.739s] creating ../../../build/stretch_core/stretch_core.egg-info
[0.740s] writing ../../../build/stretch_core/stretch_core.egg-info/PKG-INFO
[0.740s] writing dependency_links to ../../../build/stretch_core/stretch_core.egg-info/dependency_links.txt
[0.740s] writing entry points to ../../../build/stretch_core/stretch_core.egg-info/entry_points.txt
[0.740s] writing requirements to ../../../build/stretch_core/stretch_core.egg-info/requires.txt
[0.740s] writing top-level names to ../../../build/stretch_core/stretch_core.egg-info/top_level.txt
[0.740s] writing manifest file '../../../build/stretch_core/stretch_core.egg-info/SOURCES.txt'
[0.741s] reading manifest file '../../../build/stretch_core/stretch_core.egg-info/SOURCES.txt'
[0.741s] adding license file 'LICENSE.md'
[0.742s] writing manifest file '../../../build/stretch_core/stretch_core.egg-info/SOURCES.txt'
[0.742s] running build
[0.742s] running build_py
[0.742s] creating /home/cs225a1/coffeebot/coffee_ws/build/stretch_core/build
[0.742s] creating /home/cs225a1/coffeebot/coffee_ws/build/stretch_core/build/lib
[0.742s] creating /home/cs225a1/coffeebot/coffee_ws/build/stretch_core/build/lib/stretch_core
[0.742s] copying stretch_core/align_to_aruco.py -> /home/cs225a1/coffeebot/coffee_ws/build/stretch_core/build/lib/stretch_core
[0.742s] copying stretch_core/stretch_driver.py -> /home/cs225a1/coffeebot/coffee_ws/build/stretch_core/build/lib/stretch_core
[0.742s] copying stretch_core/keyboard_teleop.py -> /home/cs225a1/coffeebot/coffee_ws/build/stretch_core/build/lib/stretch_core
[0.742s] copying stretch_core/detect_aruco_markers.py -> /home/cs225a1/coffeebot/coffee_ws/build/stretch_core/build/lib/stretch_core
[0.742s] copying stretch_core/d435i_frustum_visualizer.py -> /home/cs225a1/coffeebot/coffee_ws/build/stretch_core/build/lib/stretch_core
[0.742s] copying stretch_core/rwlock.py -> /home/cs225a1/coffeebot/coffee_ws/build/stretch_core/build/lib/stretch_core
[0.742s] copying stretch_core/__init__.py -> /home/cs225a1/coffeebot/coffee_ws/build/stretch_core/build/lib/stretch_core
[0.742s] copying stretch_core/remote_gamepad.py -> /home/cs225a1/coffeebot/coffee_ws/build/stretch_core/build/lib/stretch_core
[0.742s] copying stretch_core/stretch_diagnostics.py -> /home/cs225a1/coffeebot/coffee_ws/build/stretch_core/build/lib/stretch_core
[0.743s] copying stretch_core/d435i_accel_correction.py -> /home/cs225a1/coffeebot/coffee_ws/build/stretch_core/build/lib/stretch_core
[0.743s] copying stretch_core/command_groups.py -> /home/cs225a1/coffeebot/coffee_ws/build/stretch_core/build/lib/stretch_core
[0.743s] copying stretch_core/keyboard.py -> /home/cs225a1/coffeebot/coffee_ws/build/stretch_core/build/lib/stretch_core
[0.743s] copying stretch_core/trajectory_components.py -> /home/cs225a1/coffeebot/coffee_ws/build/stretch_core/build/lib/stretch_core
[0.743s] copying stretch_core/d435i_configure.py -> /home/cs225a1/coffeebot/coffee_ws/build/stretch_core/build/lib/stretch_core
[0.743s] copying stretch_core/avoider.py -> /home/cs225a1/coffeebot/coffee_ws/build/stretch_core/build/lib/stretch_core
[0.743s] copying stretch_core/joint_trajectory_server.py -> /home/cs225a1/coffeebot/coffee_ws/build/stretch_core/build/lib/stretch_core
[0.743s] copying stretch_core/usb_cam.py -> /home/cs225a1/coffeebot/coffee_ws/build/stretch_core/build/lib/stretch_core
[0.743s] running install
[0.743s] running install_lib
[0.743s] creating /home/cs225a1/coffeebot/coffee_ws/install/stretch_core/lib/python3.10/site-packages/stretch_core
[0.743s] copying /home/cs225a1/coffeebot/coffee_ws/build/stretch_core/build/lib/stretch_core/align_to_aruco.py -> /home/cs225a1/coffeebot/coffee_ws/install/stretch_core/lib/python3.10/site-packages/stretch_core
[0.743s] copying /home/cs225a1/coffeebot/coffee_ws/build/stretch_core/build/lib/stretch_core/stretch_driver.py -> /home/cs225a1/coffeebot/coffee_ws/install/stretch_core/lib/python3.10/site-packages/stretch_core
[0.743s] copying /home/cs225a1/coffeebot/coffee_ws/build/stretch_core/build/lib/stretch_core/keyboard_teleop.py -> /home/cs225a1/coffeebot/coffee_ws/install/stretch_core/lib/python3.10/site-packages/stretch_core
[0.743s] copying /home/cs225a1/coffeebot/coffee_ws/build/stretch_core/build/lib/stretch_core/detect_aruco_markers.py -> /home/cs225a1/coffeebot/coffee_ws/install/stretch_core/lib/python3.10/site-packages/stretch_core
[0.743s] copying /home/cs225a1/coffeebot/coffee_ws/build/stretch_core/build/lib/stretch_core/d435i_frustum_visualizer.py -> /home/cs225a1/coffeebot/coffee_ws/install/stretch_core/lib/python3.10/site-packages/stretch_core
[0.743s] copying /home/cs225a1/coffeebot/coffee_ws/build/stretch_core/build/lib/stretch_core/rwlock.py -> /home/cs225a1/coffeebot/coffee_ws/install/stretch_core/lib/python3.10/site-packages/stretch_core
[0.744s] copying /home/cs225a1/coffeebot/coffee_ws/build/stretch_core/build/lib/stretch_core/__init__.py -> /home/cs225a1/coffeebot/coffee_ws/install/stretch_core/lib/python3.10/site-packages/stretch_core
[0.744s] copying /home/cs225a1/coffeebot/coffee_ws/build/stretch_core/build/lib/stretch_core/remote_gamepad.py -> /home/cs225a1/coffeebot/coffee_ws/install/stretch_core/lib/python3.10/site-packages/stretch_core
[0.744s] copying /home/cs225a1/coffeebot/coffee_ws/build/stretch_core/build/lib/stretch_core/stretch_diagnostics.py -> /home/cs225a1/coffeebot/coffee_ws/install/stretch_core/lib/python3.10/site-packages/stretch_core
[0.744s] copying /home/cs225a1/coffeebot/coffee_ws/build/stretch_core/build/lib/stretch_core/d435i_accel_correction.py -> /home/cs225a1/coffeebot/coffee_ws/install/stretch_core/lib/python3.10/site-packages/stretch_core
[0.744s] copying /home/cs225a1/coffeebot/coffee_ws/build/stretch_core/build/lib/stretch_core/command_groups.py -> /home/cs225a1/coffeebot/coffee_ws/install/stretch_core/lib/python3.10/site-packages/stretch_core
[0.744s] copying /home/cs225a1/coffeebot/coffee_ws/build/stretch_core/build/lib/stretch_core/keyboard.py -> /home/cs225a1/coffeebot/coffee_ws/install/stretch_core/lib/python3.10/site-packages/stretch_core
[0.744s] copying /home/cs225a1/coffeebot/coffee_ws/build/stretch_core/build/lib/stretch_core/trajectory_components.py -> /home/cs225a1/coffeebot/coffee_ws/install/stretch_core/lib/python3.10/site-packages/stretch_core
[0.744s] copying /home/cs225a1/coffeebot/coffee_ws/build/stretch_core/build/lib/stretch_core/d435i_configure.py -> /home/cs225a1/coffeebot/coffee_ws/install/stretch_core/lib/python3.10/site-packages/stretch_core
[0.744s] copying /home/cs225a1/coffeebot/coffee_ws/build/stretch_core/build/lib/stretch_core/avoider.py -> /home/cs225a1/coffeebot/coffee_ws/install/stretch_core/lib/python3.10/site-packages/stretch_core
[0.744s] copying /home/cs225a1/coffeebot/coffee_ws/build/stretch_core/build/lib/stretch_core/joint_trajectory_server.py -> /home/cs225a1/coffeebot/coffee_ws/install/stretch_core/lib/python3.10/site-packages/stretch_core
[0.744s] copying /home/cs225a1/coffeebot/coffee_ws/build/stretch_core/build/lib/stretch_core/usb_cam.py -> /home/cs225a1/coffeebot/coffee_ws/install/stretch_core/lib/python3.10/site-packages/stretch_core
[0.744s] byte-compiling /home/cs225a1/coffeebot/coffee_ws/install/stretch_core/lib/python3.10/site-packages/stretch_core/align_to_aruco.py to align_to_aruco.cpython-310.pyc
[0.745s] byte-compiling /home/cs225a1/coffeebot/coffee_ws/install/stretch_core/lib/python3.10/site-packages/stretch_core/stretch_driver.py to stretch_driver.cpython-310.pyc
[0.749s] byte-compiling /home/cs225a1/coffeebot/coffee_ws/install/stretch_core/lib/python3.10/site-packages/stretch_core/keyboard_teleop.py to keyboard_teleop.cpython-310.pyc
[0.750s] byte-compiling /home/cs225a1/coffeebot/coffee_ws/install/stretch_core/lib/python3.10/site-packages/stretch_core/detect_aruco_markers.py to detect_aruco_markers.cpython-310.pyc
[0.753s] byte-compiling /home/cs225a1/coffeebot/coffee_ws/install/stretch_core/lib/python3.10/site-packages/stretch_core/d435i_frustum_visualizer.py to d435i_frustum_visualizer.cpython-310.pyc
[0.753s] byte-compiling /home/cs225a1/coffeebot/coffee_ws/install/stretch_core/lib/python3.10/site-packages/stretch_core/rwlock.py to rwlock.cpython-310.pyc
[0.754s] byte-compiling /home/cs225a1/coffeebot/coffee_ws/install/stretch_core/lib/python3.10/site-packages/stretch_core/__init__.py to __init__.cpython-310.pyc
[0.754s] byte-compiling /home/cs225a1/coffeebot/coffee_ws/install/stretch_core/lib/python3.10/site-packages/stretch_core/remote_gamepad.py to remote_gamepad.cpython-310.pyc
[0.754s] byte-compiling /home/cs225a1/coffeebot/coffee_ws/install/stretch_core/lib/python3.10/site-packages/stretch_core/stretch_diagnostics.py to stretch_diagnostics.cpython-310.pyc
[0.755s] byte-compiling /home/cs225a1/coffeebot/coffee_ws/install/stretch_core/lib/python3.10/site-packages/stretch_core/d435i_accel_correction.py to d435i_accel_correction.cpython-310.pyc
[0.755s] byte-compiling /home/cs225a1/coffeebot/coffee_ws/install/stretch_core/lib/python3.10/site-packages/stretch_core/command_groups.py to command_groups.cpython-310.pyc
[0.758s] byte-compiling /home/cs225a1/coffeebot/coffee_ws/install/stretch_core/lib/python3.10/site-packages/stretch_core/keyboard.py to keyboard.cpython-310.pyc
[0.758s] byte-compiling /home/cs225a1/coffeebot/coffee_ws/install/stretch_core/lib/python3.10/site-packages/stretch_core/trajectory_components.py to trajectory_components.cpython-310.pyc
[0.759s] byte-compiling /home/cs225a1/coffeebot/coffee_ws/install/stretch_core/lib/python3.10/site-packages/stretch_core/d435i_configure.py to d435i_configure.cpython-310.pyc
[0.759s] byte-compiling /home/cs225a1/coffeebot/coffee_ws/install/stretch_core/lib/python3.10/site-packages/stretch_core/avoider.py to avoider.cpython-310.pyc
[0.759s] byte-compiling /home/cs225a1/coffeebot/coffee_ws/install/stretch_core/lib/python3.10/site-packages/stretch_core/joint_trajectory_server.py to joint_trajectory_server.cpython-310.pyc
[0.761s] byte-compiling /home/cs225a1/coffeebot/coffee_ws/install/stretch_core/lib/python3.10/site-packages/stretch_core/usb_cam.py to usb_cam.cpython-310.pyc
[0.762s] running install_data
[0.762s] creating /home/cs225a1/coffeebot/coffee_ws/install/stretch_core/share/ament_index
[0.762s] creating /home/cs225a1/coffeebot/coffee_ws/install/stretch_core/share/ament_index/resource_index
[0.762s] creating /home/cs225a1/coffeebot/coffee_ws/install/stretch_core/share/ament_index/resource_index/packages
[0.762s] copying resource/stretch_core -> /home/cs225a1/coffeebot/coffee_ws/install/stretch_core/share/ament_index/resource_index/packages
[0.762s] copying package.xml -> /home/cs225a1/coffeebot/coffee_ws/install/stretch_core/share/stretch_core
[0.762s] creating /home/cs225a1/coffeebot/coffee_ws/install/stretch_core/share/stretch_core/launch
[0.762s] copying launch/beta_gripper_camera.launch.py -> /home/cs225a1/coffeebot/coffee_ws/install/stretch_core/share/stretch_core/launch
[0.762s] copying launch/navigation_camera.launch.py -> /home/cs225a1/coffeebot/coffee_ws/install/stretch_core/share/stretch_core/launch
[0.762s] copying launch/d435i_low_resolution.launch.py -> /home/cs225a1/coffeebot/coffee_ws/install/stretch_core/share/stretch_core/launch
[0.762s] copying launch/d435i_basic.launch.py -> /home/cs225a1/coffeebot/coffee_ws/install/stretch_core/share/stretch_core/launch
[0.762s] copying launch/beta_navigation_camera.launch.py -> /home/cs225a1/coffeebot/coffee_ws/install/stretch_core/share/stretch_core/launch
[0.762s] copying launch/stretch_aruco.launch.py -> /home/cs225a1/coffeebot/coffee_ws/install/stretch_core/share/stretch_core/launch
[0.762s] copying launch/stretch_driver.launch.py -> /home/cs225a1/coffeebot/coffee_ws/install/stretch_core/share/stretch_core/launch
[0.763s] copying launch/d435i_high_resolution.launch.py -> /home/cs225a1/coffeebot/coffee_ws/install/stretch_core/share/stretch_core/launch
[0.763s] copying launch/rplidar_keepout.launch.py -> /home/cs225a1/coffeebot/coffee_ws/install/stretch_core/share/stretch_core/launch
[0.763s] copying launch/rplidar.launch.py -> /home/cs225a1/coffeebot/coffee_ws/install/stretch_core/share/stretch_core/launch
[0.763s] copying launch/d405_basic.launch.py -> /home/cs225a1/coffeebot/coffee_ws/install/stretch_core/share/stretch_core/launch
[0.763s] copying launch/multi_camera.launch.py -> /home/cs225a1/coffeebot/coffee_ws/install/stretch_core/share/stretch_core/launch
[0.763s] copying launch/align_to_aruco.launch.py -> /home/cs225a1/coffeebot/coffee_ws/install/stretch_core/share/stretch_core/launch
[0.763s] copying launch/stretch_realsense.launch.py -> /home/cs225a1/coffeebot/coffee_ws/install/stretch_core/share/stretch_core/launch
[0.763s] creating /home/cs225a1/coffeebot/coffee_ws/install/stretch_core/share/stretch_core/config
[0.763s] copying config/controller_calibration_head_factory_default.yaml -> /home/cs225a1/coffeebot/coffee_ws/install/stretch_core/share/stretch_core/config
[0.763s] copying config/laser_filter_params.yaml -> /home/cs225a1/coffeebot/coffee_ws/install/stretch_core/share/stretch_core/config
[0.763s] copying config/stretch_marker_dict.yaml -> /home/cs225a1/coffeebot/coffee_ws/install/stretch_core/share/stretch_core/config
[0.763s] copying config/HighAccuracyPreset.json -> /home/cs225a1/coffeebot/coffee_ws/install/stretch_core/share/stretch_core/config
[0.763s] creating /home/cs225a1/coffeebot/coffee_ws/install/stretch_core/share/stretch_core/rviz
[0.763s] copying rviz/stretch_simple_test.rviz -> /home/cs225a1/coffeebot/coffee_ws/install/stretch_core/share/stretch_core/rviz
[0.763s] running install_egg_info
[0.764s] Copying ../../../build/stretch_core/stretch_core.egg-info to /home/cs225a1/coffeebot/coffee_ws/install/stretch_core/lib/python3.10/site-packages/stretch_core-0.2.0-py3.10.egg-info
[0.764s] running install_scripts
[0.777s] Installing align_to_aruco script to /home/cs225a1/coffeebot/coffee_ws/install/stretch_core/lib/stretch_core
[0.778s] Installing avoider script to /home/cs225a1/coffeebot/coffee_ws/install/stretch_core/lib/stretch_core
[0.778s] Installing d435i_accel_correction script to /home/cs225a1/coffeebot/coffee_ws/install/stretch_core/lib/stretch_core
[0.778s] Installing detect_aruco_markers script to /home/cs225a1/coffeebot/coffee_ws/install/stretch_core/lib/stretch_core
[0.778s] Installing keyboard_teleop script to /home/cs225a1/coffeebot/coffee_ws/install/stretch_core/lib/stretch_core
[0.778s] Installing remote_gamepad script to /home/cs225a1/coffeebot/coffee_ws/install/stretch_core/lib/stretch_core
[0.778s] Installing stretch_driver script to /home/cs225a1/coffeebot/coffee_ws/install/stretch_core/lib/stretch_core
[0.778s] Installing usb_cam script to /home/cs225a1/coffeebot/coffee_ws/install/stretch_core/lib/stretch_core
[0.778s] writing list of installed files to '/home/cs225a1/coffeebot/coffee_ws/build/stretch_core/install.log'
[0.793s] Invoked command in '/home/cs225a1/coffeebot/coffee_ws/src/stretch_ros2/stretch_core' returned '0': AMENT_PREFIX_PATH=/home/cs225a1/coffeebot/coffee_ws/install/hello_helpers:${AMENT_PREFIX_PATH} PYTHONPATH=/home/cs225a1/coffeebot/coffee_ws/build/stretch_core/prefix_override:/usr/lib/python3/dist-packages/colcon_core/task/python/colcon_distutils_commands:/home/cs225a1/coffeebot/coffee_ws/install/stretch_core/lib/python3.10/site-packages:/home/cs225a1/coffeebot/coffee_ws/install/hello_helpers/lib/python3.10/site-packages:${PYTHONPATH} /usr/bin/python3 -W ignore:setup.py install is deprecated -W ignore:easy_install command is deprecated setup.py egg_info --egg-base ../../../build/stretch_core build --build-base /home/cs225a1/coffeebot/coffee_ws/build/stretch_core/build install --record /home/cs225a1/coffeebot/coffee_ws/build/stretch_core/install.log --single-version-externally-managed install_data
