[1.453s] Invoking command in '/home/cs225a1/coffeebot/coffee_ws/src/stretch_ros2/stretch_demos': PYTHONPATH=/home/cs225a1/coffeebot/coffee_ws/build/stretch_demos/prefix_override:/usr/lib/python3/dist-packages/colcon_core/task/python/colcon_distutils_commands:/home/cs225a1/coffeebot/coffee_ws/install/stretch_demos/lib/python3.10/site-packages:${PYTHONPATH} /usr/bin/python3 -W ignore:setup.py install is deprecated -W ignore:easy_install command is deprecated setup.py egg_info --egg-base ../../../build/stretch_demos build --build-base /home/cs225a1/coffeebot/coffee_ws/build/stretch_demos/build install --record /home/cs225a1/coffeebot/coffee_ws/build/stretch_demos/install.log --single-version-externally-managed install_data
[1.838s] running egg_info
[1.838s] creating ../../../build/stretch_demos/stretch_demos.egg-info
[1.839s] writing ../../../build/stretch_demos/stretch_demos.egg-info/PKG-INFO
[1.839s] writing dependency_links to ../../../build/stretch_demos/stretch_demos.egg-info/dependency_links.txt
[1.839s] writing entry points to ../../../build/stretch_demos/stretch_demos.egg-info/entry_points.txt
[1.839s] writing requirements to ../../../build/stretch_demos/stretch_demos.egg-info/requires.txt
[1.839s] writing top-level names to ../../../build/stretch_demos/stretch_demos.egg-info/top_level.txt
[1.839s] writing manifest file '../../../build/stretch_demos/stretch_demos.egg-info/SOURCES.txt'
[1.840s] reading manifest file '../../../build/stretch_demos/stretch_demos.egg-info/SOURCES.txt'
[1.840s] adding license file 'LICENSE.md'
[1.841s] writing manifest file '../../../build/stretch_demos/stretch_demos.egg-info/SOURCES.txt'
[1.841s] running build
[1.841s] running build_py
[1.841s] creating /home/cs225a1/coffeebot/coffee_ws/build/stretch_demos/build
[1.841s] creating /home/cs225a1/coffeebot/coffee_ws/build/stretch_demos/build/lib
[1.841s] creating /home/cs225a1/coffeebot/coffee_ws/build/stretch_demos/build/lib/stretch_demos
[1.841s] copying stretch_demos/handover_object.py -> /home/cs225a1/coffeebot/coffee_ws/build/stretch_demos/build/lib/stretch_demos
[1.841s] copying stretch_demos/__init__.py -> /home/cs225a1/coffeebot/coffee_ws/build/stretch_demos/build/lib/stretch_demos
[1.841s] copying stretch_demos/grasp_object.py -> /home/cs225a1/coffeebot/coffee_ws/build/stretch_demos/build/lib/stretch_demos
[1.842s] copying stretch_demos/clean_surface.py -> /home/cs225a1/coffeebot/coffee_ws/build/stretch_demos/build/lib/stretch_demos
[1.842s] copying stretch_demos/hello_world.py -> /home/cs225a1/coffeebot/coffee_ws/build/stretch_demos/build/lib/stretch_demos
[1.842s] copying stretch_demos/open_drawer.py -> /home/cs225a1/coffeebot/coffee_ws/build/stretch_demos/build/lib/stretch_demos
[1.842s] running install
[1.842s] running install_lib
[1.842s] creating /home/cs225a1/coffeebot/coffee_ws/install/stretch_demos/lib/python3.10/site-packages/stretch_demos
[1.842s] copying /home/cs225a1/coffeebot/coffee_ws/build/stretch_demos/build/lib/stretch_demos/handover_object.py -> /home/cs225a1/coffeebot/coffee_ws/install/stretch_demos/lib/python3.10/site-packages/stretch_demos
[1.842s] copying /home/cs225a1/coffeebot/coffee_ws/build/stretch_demos/build/lib/stretch_demos/__init__.py -> /home/cs225a1/coffeebot/coffee_ws/install/stretch_demos/lib/python3.10/site-packages/stretch_demos
[1.842s] copying /home/cs225a1/coffeebot/coffee_ws/build/stretch_demos/build/lib/stretch_demos/grasp_object.py -> /home/cs225a1/coffeebot/coffee_ws/install/stretch_demos/lib/python3.10/site-packages/stretch_demos
[1.842s] copying /home/cs225a1/coffeebot/coffee_ws/build/stretch_demos/build/lib/stretch_demos/clean_surface.py -> /home/cs225a1/coffeebot/coffee_ws/install/stretch_demos/lib/python3.10/site-packages/stretch_demos
[1.842s] copying /home/cs225a1/coffeebot/coffee_ws/build/stretch_demos/build/lib/stretch_demos/hello_world.py -> /home/cs225a1/coffeebot/coffee_ws/install/stretch_demos/lib/python3.10/site-packages/stretch_demos
[1.842s] copying /home/cs225a1/coffeebot/coffee_ws/build/stretch_demos/build/lib/stretch_demos/open_drawer.py -> /home/cs225a1/coffeebot/coffee_ws/install/stretch_demos/lib/python3.10/site-packages/stretch_demos
[1.843s] byte-compiling /home/cs225a1/coffeebot/coffee_ws/install/stretch_demos/lib/python3.10/site-packages/stretch_demos/handover_object.py to handover_object.cpython-310.pyc
[1.844s] byte-compiling /home/cs225a1/coffeebot/coffee_ws/install/stretch_demos/lib/python3.10/site-packages/stretch_demos/__init__.py to __init__.cpython-310.pyc
[1.844s] byte-compiling /home/cs225a1/coffeebot/coffee_ws/install/stretch_demos/lib/python3.10/site-packages/stretch_demos/grasp_object.py to grasp_object.cpython-310.pyc
[1.845s] byte-compiling /home/cs225a1/coffeebot/coffee_ws/install/stretch_demos/lib/python3.10/site-packages/stretch_demos/clean_surface.py to clean_surface.cpython-310.pyc
[1.846s] byte-compiling /home/cs225a1/coffeebot/coffee_ws/install/stretch_demos/lib/python3.10/site-packages/stretch_demos/hello_world.py to hello_world.cpython-310.pyc
[1.847s] byte-compiling /home/cs225a1/coffeebot/coffee_ws/install/stretch_demos/lib/python3.10/site-packages/stretch_demos/open_drawer.py to open_drawer.cpython-310.pyc
[1.848s] running install_data
[1.848s] creating /home/cs225a1/coffeebot/coffee_ws/install/stretch_demos/share/ament_index
[1.848s] creating /home/cs225a1/coffeebot/coffee_ws/install/stretch_demos/share/ament_index/resource_index
[1.848s] creating /home/cs225a1/coffeebot/coffee_ws/install/stretch_demos/share/ament_index/resource_index/packages
[1.848s] copying resource/stretch_demos -> /home/cs225a1/coffeebot/coffee_ws/install/stretch_demos/share/ament_index/resource_index/packages
[1.848s] copying package.xml -> /home/cs225a1/coffeebot/coffee_ws/install/stretch_demos/share/stretch_demos
[1.849s] creating /home/cs225a1/coffeebot/coffee_ws/install/stretch_demos/share/stretch_demos/launch
[1.849s] copying launch/hello_world.launch.py -> /home/cs225a1/coffeebot/coffee_ws/install/stretch_demos/share/stretch_demos/launch
[1.849s] copying launch/clean_surface.launch.py -> /home/cs225a1/coffeebot/coffee_ws/install/stretch_demos/share/stretch_demos/launch
[1.849s] copying launch/handover_object.launch.py -> /home/cs225a1/coffeebot/coffee_ws/install/stretch_demos/share/stretch_demos/launch
[1.849s] copying launch/open_drawer.launch.py -> /home/cs225a1/coffeebot/coffee_ws/install/stretch_demos/share/stretch_demos/launch
[1.849s] copying launch/grasp_object.launch.py -> /home/cs225a1/coffeebot/coffee_ws/install/stretch_demos/share/stretch_demos/launch
[1.849s] creating /home/cs225a1/coffeebot/coffee_ws/install/stretch_demos/share/stretch_demos/rviz
[1.849s] running install_egg_info
[1.850s] Copying ../../../build/stretch_demos/stretch_demos.egg-info to /home/cs225a1/coffeebot/coffee_ws/install/stretch_demos/lib/python3.10/site-packages/stretch_demos-0.0.0-py3.10.egg-info
[1.850s] running install_scripts
[1.867s] Installing clean_surface script to /home/cs225a1/coffeebot/coffee_ws/install/stretch_demos/lib/stretch_demos
[1.868s] Installing grasp_object script to /home/cs225a1/coffeebot/coffee_ws/install/stretch_demos/lib/stretch_demos
[1.868s] Installing handover_object script to /home/cs225a1/coffeebot/coffee_ws/install/stretch_demos/lib/stretch_demos
[1.868s] Installing hello_world script to /home/cs225a1/coffeebot/coffee_ws/install/stretch_demos/lib/stretch_demos
[1.868s] Installing open_drawer script to /home/cs225a1/coffeebot/coffee_ws/install/stretch_demos/lib/stretch_demos
[1.868s] writing list of installed files to '/home/cs225a1/coffeebot/coffee_ws/build/stretch_demos/install.log'
[2.043s] Invoked command in '/home/cs225a1/coffeebot/coffee_ws/src/stretch_ros2/stretch_demos' returned '0': PYTHONPATH=/home/cs225a1/coffeebot/coffee_ws/build/stretch_demos/prefix_override:/usr/lib/python3/dist-packages/colcon_core/task/python/colcon_distutils_commands:/home/cs225a1/coffeebot/coffee_ws/install/stretch_demos/lib/python3.10/site-packages:${PYTHONPATH} /usr/bin/python3 -W ignore:setup.py install is deprecated -W ignore:easy_install command is deprecated setup.py egg_info --egg-base ../../../build/stretch_demos build --build-base /home/cs225a1/coffeebot/coffee_ws/build/stretch_demos/build install --record /home/cs225a1/coffeebot/coffee_ws/build/stretch_demos/install.log --single-version-externally-managed install_data
